{"/Users/uzmacbook/Documents/Frontend/udev-blogs/theme.ts": {"path":"/Users/uzmacbook/Documents/Frontend/udev-blogs/theme.ts","all":false,"statementMap":{"0":{"start":{"line":1,"column":0},"end":{"line":1,"column":76}},"2":{"start":{"line":3,"column":0},"end":{"line":3,"column":29}},"3":{"start":{"line":4,"column":0},"end":{"line":4,"column":10}},"4":{"start":{"line":5,"column":0},"end":{"line":5,"column":18}},"5":{"start":{"line":6,"column":0},"end":{"line":6,"column":22}},"6":{"start":{"line":7,"column":0},"end":{"line":7,"column":22}},"7":{"start":{"line":8,"column":0},"end":{"line":8,"column":24}},"8":{"start":{"line":9,"column":0},"end":{"line":9,"column":21}},"9":{"start":{"line":10,"column":0},"end":{"line":10,"column":6}},"10":{"start":{"line":11,"column":0},"end":{"line":11,"column":4}},"11":{"start":{"line":12,"column":0},"end":{"line":12,"column":2}},"13":{"start":{"line":14,"column":0},"end":{"line":14,"column":50}}},"s":{"0":1,"2":1,"3":1,"4":1,"5":1,"6":1,"7":1,"8":1,"9":1,"10":1,"11":1,"13":1},"branchMap":{},"b":{},"fnMap":{},"f":{}}
,"/Users/uzmacbook/Documents/Frontend/udev-blogs/src/App.tsx": {"path":"/Users/uzmacbook/Documents/Frontend/udev-blogs/src/App.tsx","all":false,"statementMap":{"0":{"start":{"line":1,"column":0},"end":{"line":1,"column":58}},"1":{"start":{"line":2,"column":0},"end":{"line":2,"column":40}},"2":{"start":{"line":3,"column":0},"end":{"line":3,"column":40}},"3":{"start":{"line":4,"column":0},"end":{"line":4,"column":57}},"4":{"start":{"line":5,"column":0},"end":{"line":5,"column":39}},"5":{"start":{"line":6,"column":0},"end":{"line":6,"column":39}},"6":{"start":{"line":7,"column":0},"end":{"line":7,"column":39}},"7":{"start":{"line":8,"column":0},"end":{"line":8,"column":45}},"8":{"start":{"line":9,"column":0},"end":{"line":9,"column":45}},"9":{"start":{"line":10,"column":0},"end":{"line":10,"column":19}},"10":{"start":{"line":11,"column":0},"end":{"line":11,"column":56}},"12":{"start":{"line":13,"column":0},"end":{"line":13,"column":10}},"13":{"start":{"line":14,"column":0},"end":{"line":14,"column":9}},"14":{"start":{"line":15,"column":0},"end":{"line":15,"column":16}},"15":{"start":{"line":16,"column":0},"end":{"line":16,"column":14}},"16":{"start":{"line":17,"column":0},"end":{"line":17,"column":49}},"17":{"start":{"line":18,"column":0},"end":{"line":18,"column":62}},"18":{"start":{"line":19,"column":0},"end":{"line":19,"column":88}},"19":{"start":{"line":20,"column":0},"end":{"line":20,"column":53}},"20":{"start":{"line":21,"column":0},"end":{"line":21,"column":50}},"21":{"start":{"line":22,"column":0},"end":{"line":22,"column":15}},"22":{"start":{"line":23,"column":0},"end":{"line":23,"column":16}},"23":{"start":{"line":24,"column":0},"end":{"line":24,"column":10}},"25":{"start":{"line":26,"column":0},"end":{"line":26,"column":1}},"27":{"start":{"line":28,"column":0},"end":{"line":28,"column":18}}},"s":{"0":1,"1":1,"2":1,"3":1,"4":1,"5":1,"6":1,"7":1,"8":1,"9":1,"10":5,"12":5,"13":5,"14":5,"15":5,"16":5,"17":5,"18":5,"19":5,"20":5,"21":5,"22":5,"23":5,"25":5,"27":1},"branchMap":{"0":{"type":"branch","line":10,"loc":{"start":{"line":10,"column":12},"end":{"line":26,"column":1}},"locations":[{"start":{"line":10,"column":12},"end":{"line":26,"column":1}}]},"1":{"type":"branch","line":19,"loc":{"start":{"line":19,"column":60},"end":{"line":19,"column":86}},"locations":[{"start":{"line":19,"column":60},"end":{"line":19,"column":86}}]},"2":{"type":"branch","line":11,"loc":{"start":{"line":11,"column":34},"end":{"line":11,"column":55}},"locations":[{"start":{"line":11,"column":34},"end":{"line":11,"column":55}}]}},"b":{"0":[5],"1":[0],"2":[10]},"fnMap":{"0":{"name":"App","decl":{"start":{"line":10,"column":12},"end":{"line":26,"column":1}},"loc":{"start":{"line":10,"column":12},"end":{"line":26,"column":1}},"line":10}},"f":{"0":5}}
,"/Users/uzmacbook/Documents/Frontend/udev-blogs/src/main.tsx": {"path":"/Users/uzmacbook/Documents/Frontend/udev-blogs/src/main.tsx","all":true,"statementMap":{"0":{"start":{"line":1,"column":0},"end":{"line":1,"column":34}},"1":{"start":{"line":2,"column":0},"end":{"line":2,"column":45}},"2":{"start":{"line":3,"column":0},"end":{"line":3,"column":20}},"3":{"start":{"line":4,"column":0},"end":{"line":4,"column":34}},"4":{"start":{"line":5,"column":0},"end":{"line":5,"column":27}},"5":{"start":{"line":6,"column":0},"end":{"line":6,"column":48}},"6":{"start":{"line":7,"column":0},"end":{"line":7,"column":49}},"7":{"start":{"line":8,"column":0},"end":{"line":8,"column":35}},"8":{"start":{"line":9,"column":0},"end":{"line":9,"column":38}},"9":{"start":{"line":10,"column":0},"end":{"line":10,"column":40}},"10":{"start":{"line":11,"column":0},"end":{"line":11,"column":72}},"11":{"start":{"line":12,"column":0},"end":{"line":12,"column":64}},"13":{"start":{"line":14,"column":0},"end":{"line":14,"column":37}},"15":{"start":{"line":16,"column":0},"end":{"line":16,"column":52}},"16":{"start":{"line":17,"column":0},"end":{"line":17,"column":14}},"17":{"start":{"line":18,"column":0},"end":{"line":18,"column":19}},"18":{"start":{"line":19,"column":0},"end":{"line":19,"column":44}},"19":{"start":{"line":20,"column":0},"end":{"line":20,"column":32}},"20":{"start":{"line":21,"column":0},"end":{"line":21,"column":52}},"21":{"start":{"line":22,"column":0},"end":{"line":22,"column":33}},"22":{"start":{"line":23,"column":0},"end":{"line":23,"column":21}},"23":{"start":{"line":24,"column":0},"end":{"line":24,"column":34}},"24":{"start":{"line":25,"column":0},"end":{"line":25,"column":32}},"25":{"start":{"line":26,"column":0},"end":{"line":26,"column":19}},"26":{"start":{"line":27,"column":0},"end":{"line":27,"column":23}},"27":{"start":{"line":28,"column":0},"end":{"line":28,"column":20}},"28":{"start":{"line":29,"column":0},"end":{"line":29,"column":16}},"29":{"start":{"line":30,"column":0},"end":{"line":30,"column":1}}},"s":{"0":0,"1":0,"2":0,"3":0,"4":0,"5":0,"6":0,"7":0,"8":0,"9":0,"10":0,"11":0,"13":0,"15":0,"16":0,"17":0,"18":0,"19":0,"20":0,"21":0,"22":0,"23":0,"24":0,"25":0,"26":0,"27":0,"28":0,"29":0},"branchMap":{"0":{"type":"branch","line":1,"loc":{"start":{"line":1,"column":825},"end":{"line":30,"column":-645}},"locations":[{"start":{"line":1,"column":825},"end":{"line":30,"column":-645}}]}},"b":{"0":[0]},"fnMap":{"0":{"name":"(empty-report)","decl":{"start":{"line":1,"column":825},"end":{"line":30,"column":-645}},"loc":{"start":{"line":1,"column":825},"end":{"line":30,"column":-645}},"line":1}},"f":{"0":0}}
,"/Users/uzmacbook/Documents/Frontend/udev-blogs/src/components/CreateBlog.tsx": {"path":"/Users/uzmacbook/Documents/Frontend/udev-blogs/src/components/CreateBlog.tsx","all":false,"statementMap":{"0":{"start":{"line":1,"column":0},"end":{"line":1,"column":58}},"1":{"start":{"line":2,"column":0},"end":{"line":2,"column":107}},"2":{"start":{"line":3,"column":0},"end":{"line":3,"column":35}},"3":{"start":{"line":4,"column":0},"end":{"line":4,"column":56}},"4":{"start":{"line":5,"column":0},"end":{"line":5,"column":44}},"5":{"start":{"line":6,"column":0},"end":{"line":6,"column":53}},"6":{"start":{"line":7,"column":0},"end":{"line":7,"column":43}},"7":{"start":{"line":8,"column":0},"end":{"line":8,"column":53}},"8":{"start":{"line":9,"column":0},"end":{"line":9,"column":20}},"10":{"start":{"line":11,"column":0},"end":{"line":11,"column":29}},"11":{"start":{"line":12,"column":0},"end":{"line":12,"column":20}},"12":{"start":{"line":13,"column":0},"end":{"line":13,"column":26}},"13":{"start":{"line":14,"column":0},"end":{"line":14,"column":28}},"14":{"start":{"line":15,"column":0},"end":{"line":15,"column":2}},"17":{"start":{"line":18,"column":0},"end":{"line":18,"column":26}},"18":{"start":{"line":19,"column":0},"end":{"line":19,"column":56}},"19":{"start":{"line":20,"column":0},"end":{"line":20,"column":113}},"20":{"start":{"line":21,"column":0},"end":{"line":21,"column":20}},"21":{"start":{"line":22,"column":0},"end":{"line":22,"column":16}},"22":{"start":{"line":23,"column":0},"end":{"line":23,"column":22}},"23":{"start":{"line":24,"column":0},"end":{"line":24,"column":22}},"24":{"start":{"line":25,"column":0},"end":{"line":25,"column":5}},"25":{"start":{"line":26,"column":0},"end":{"line":26,"column":4}},"26":{"start":{"line":27,"column":0},"end":{"line":27,"column":41}},"27":{"start":{"line":28,"column":0},"end":{"line":28,"column":47}},"28":{"start":{"line":29,"column":0},"end":{"line":29,"column":52}},"29":{"start":{"line":30,"column":0},"end":{"line":30,"column":49}},"31":{"start":{"line":32,"column":0},"end":{"line":32,"column":70}},"33":{"start":{"line":34,"column":0},"end":{"line":34,"column":58}},"34":{"start":{"line":35,"column":0},"end":{"line":35,"column":16}},"35":{"start":{"line":36,"column":0},"end":{"line":36,"column":14}},"36":{"start":{"line":37,"column":0},"end":{"line":37,"column":23}},"37":{"start":{"line":38,"column":0},"end":{"line":38,"column":6}},"39":{"start":{"line":40,"column":0},"end":{"line":40,"column":3}},"40":{"start":{"line":41,"column":0},"end":{"line":41,"column":19}},"41":{"start":{"line":42,"column":0},"end":{"line":42,"column":20}},"42":{"start":{"line":43,"column":0},"end":{"line":43,"column":20}},"43":{"start":{"line":44,"column":0},"end":{"line":44,"column":24}},"44":{"start":{"line":45,"column":0},"end":{"line":45,"column":13}},"45":{"start":{"line":46,"column":0},"end":{"line":46,"column":20}},"46":{"start":{"line":47,"column":0},"end":{"line":47,"column":5}},"47":{"start":{"line":48,"column":0},"end":{"line":48,"column":17}},"49":{"start":{"line":50,"column":0},"end":{"line":50,"column":10}},"50":{"start":{"line":51,"column":0},"end":{"line":51,"column":119}},"51":{"start":{"line":52,"column":0},"end":{"line":52,"column":30}},"52":{"start":{"line":53,"column":0},"end":{"line":53,"column":92}},"53":{"start":{"line":54,"column":0},"end":{"line":54,"column":27}},"54":{"start":{"line":55,"column":0},"end":{"line":55,"column":16}},"56":{"start":{"line":57,"column":0},"end":{"line":57,"column":17}},"57":{"start":{"line":58,"column":0},"end":{"line":58,"column":17}},"58":{"start":{"line":59,"column":0},"end":{"line":59,"column":23}},"59":{"start":{"line":60,"column":0},"end":{"line":60,"column":14}},"60":{"start":{"line":61,"column":0},"end":{"line":61,"column":27}},"61":{"start":{"line":62,"column":0},"end":{"line":62,"column":27}},"62":{"start":{"line":63,"column":0},"end":{"line":63,"column":79}},"63":{"start":{"line":64,"column":0},"end":{"line":64,"column":27}},"64":{"start":{"line":65,"column":0},"end":{"line":65,"column":58}},"65":{"start":{"line":66,"column":0},"end":{"line":66,"column":28}},"66":{"start":{"line":67,"column":0},"end":{"line":67,"column":43}},"67":{"start":{"line":68,"column":0},"end":{"line":68,"column":113}},"68":{"start":{"line":69,"column":0},"end":{"line":69,"column":32}},"69":{"start":{"line":70,"column":0},"end":{"line":70,"column":51}},"70":{"start":{"line":71,"column":0},"end":{"line":71,"column":153}},"71":{"start":{"line":72,"column":0},"end":{"line":72,"column":104}},"72":{"start":{"line":73,"column":0},"end":{"line":73,"column":22}},"73":{"start":{"line":74,"column":0},"end":{"line":74,"column":32}},"74":{"start":{"line":75,"column":0},"end":{"line":75,"column":51}},"75":{"start":{"line":76,"column":0},"end":{"line":76,"column":162}},"76":{"start":{"line":77,"column":0},"end":{"line":77,"column":49}},"77":{"start":{"line":78,"column":0},"end":{"line":78,"column":154}},"78":{"start":{"line":79,"column":0},"end":{"line":79,"column":46}},"79":{"start":{"line":80,"column":0},"end":{"line":80,"column":42}},"80":{"start":{"line":81,"column":0},"end":{"line":81,"column":45}},"81":{"start":{"line":82,"column":0},"end":{"line":82,"column":27}},"82":{"start":{"line":83,"column":0},"end":{"line":83,"column":26}},"83":{"start":{"line":84,"column":0},"end":{"line":84,"column":23}},"84":{"start":{"line":85,"column":0},"end":{"line":85,"column":116}},"85":{"start":{"line":86,"column":0},"end":{"line":86,"column":22}},"86":{"start":{"line":87,"column":0},"end":{"line":87,"column":52}},"87":{"start":{"line":88,"column":0},"end":{"line":88,"column":159}},"88":{"start":{"line":89,"column":0},"end":{"line":89,"column":101}},"89":{"start":{"line":90,"column":0},"end":{"line":90,"column":30}},"90":{"start":{"line":91,"column":0},"end":{"line":91,"column":153}},"91":{"start":{"line":92,"column":0},"end":{"line":92,"column":54}},"92":{"start":{"line":93,"column":0},"end":{"line":93,"column":136}},"93":{"start":{"line":94,"column":0},"end":{"line":94,"column":79}},"94":{"start":{"line":95,"column":0},"end":{"line":95,"column":63}},"95":{"start":{"line":96,"column":0},"end":{"line":96,"column":27}},"96":{"start":{"line":97,"column":0},"end":{"line":97,"column":50}},"97":{"start":{"line":98,"column":0},"end":{"line":98,"column":137}},"98":{"start":{"line":99,"column":0},"end":{"line":99,"column":55}},"99":{"start":{"line":100,"column":0},"end":{"line":100,"column":33}},"100":{"start":{"line":101,"column":0},"end":{"line":101,"column":43}},"101":{"start":{"line":102,"column":0},"end":{"line":102,"column":38}},"102":{"start":{"line":103,"column":0},"end":{"line":103,"column":23}},"103":{"start":{"line":104,"column":0},"end":{"line":104,"column":104}},"104":{"start":{"line":105,"column":0},"end":{"line":105,"column":23}},"105":{"start":{"line":106,"column":0},"end":{"line":106,"column":157}},"107":{"start":{"line":108,"column":0},"end":{"line":108,"column":25}},"108":{"start":{"line":109,"column":0},"end":{"line":109,"column":20}},"109":{"start":{"line":110,"column":0},"end":{"line":110,"column":26}},"110":{"start":{"line":111,"column":0},"end":{"line":111,"column":64}},"111":{"start":{"line":112,"column":0},"end":{"line":112,"column":96}},"112":{"start":{"line":113,"column":0},"end":{"line":113,"column":34}},"113":{"start":{"line":114,"column":0},"end":{"line":114,"column":27}},"114":{"start":{"line":115,"column":0},"end":{"line":115,"column":28}},"115":{"start":{"line":116,"column":0},"end":{"line":116,"column":15}},"116":{"start":{"line":117,"column":0},"end":{"line":117,"column":19}},"118":{"start":{"line":119,"column":0},"end":{"line":119,"column":1}},"120":{"start":{"line":121,"column":0},"end":{"line":121,"column":25}}},"s":{"0":1,"1":1,"2":1,"3":1,"4":1,"5":1,"6":1,"7":1,"8":1,"10":1,"11":1,"12":1,"13":1,"14":1,"17":1,"18":40,"19":40,"20":40,"21":40,"22":40,"23":40,"24":40,"25":40,"26":40,"27":40,"28":40,"29":40,"31":40,"33":40,"34":1,"35":1,"36":1,"37":1,"39":1,"40":40,"41":8,"42":0,"43":0,"44":0,"45":0,"46":0,"47":40,"49":40,"50":40,"51":40,"52":40,"53":40,"54":40,"56":40,"57":40,"58":40,"59":40,"60":40,"61":40,"62":40,"63":40,"64":40,"65":40,"66":40,"67":40,"68":40,"69":40,"70":40,"71":40,"72":40,"73":40,"74":40,"75":40,"76":25,"77":25,"78":11,"79":11,"80":11,"81":25,"82":25,"83":40,"84":40,"85":40,"86":40,"87":3,"88":3,"89":40,"90":37,"91":21,"92":21,"93":2,"94":2,"95":21,"96":21,"97":21,"98":21,"99":21,"100":21,"101":21,"102":37,"103":37,"104":37,"105":40,"107":40,"108":40,"109":40,"110":40,"111":40,"112":40,"113":40,"114":40,"115":40,"116":40,"118":40,"120":1},"branchMap":{"0":{"type":"branch","line":18,"loc":{"start":{"line":18,"column":19},"end":{"line":119,"column":1}},"locations":[{"start":{"line":18,"column":19},"end":{"line":119,"column":1}}]},"1":{"type":"branch","line":72,"loc":{"start":{"line":72,"column":26},"end":{"line":72,"column":104}},"locations":[{"start":{"line":72,"column":26},"end":{"line":72,"column":104}}]},"2":{"type":"branch","line":85,"loc":{"start":{"line":85,"column":26},"end":{"line":85,"column":116}},"locations":[{"start":{"line":85,"column":26},"end":{"line":85,"column":116}}]},"3":{"type":"branch","line":87,"loc":{"start":{"line":87,"column":17},"end":{"line":90,"column":25}},"locations":[{"start":{"line":87,"column":17},"end":{"line":90,"column":25}}]},"4":{"type":"branch","line":90,"loc":{"start":{"line":90,"column":16},"end":{"line":105,"column":23}},"locations":[{"start":{"line":90,"column":16},"end":{"line":105,"column":23}}]},"5":{"type":"branch","line":104,"loc":{"start":{"line":104,"column":26},"end":{"line":104,"column":104}},"locations":[{"start":{"line":104,"column":26},"end":{"line":104,"column":104}}]},"6":{"type":"branch","line":19,"loc":{"start":{"line":19,"column":34},"end":{"line":19,"column":55}},"locations":[{"start":{"line":19,"column":34},"end":{"line":19,"column":55}}]},"7":{"type":"branch","line":34,"loc":{"start":{"line":34,"column":19},"end":{"line":40,"column":3}},"locations":[{"start":{"line":34,"column":19},"end":{"line":40,"column":3}}]},"8":{"type":"branch","line":41,"loc":{"start":{"line":41,"column":12},"end":{"line":48,"column":5}},"locations":[{"start":{"line":41,"column":12},"end":{"line":48,"column":5}}]},"9":{"type":"branch","line":42,"loc":{"start":{"line":42,"column":19},"end":{"line":47,"column":5}},"locations":[{"start":{"line":42,"column":19},"end":{"line":47,"column":5}}]},"10":{"type":"branch","line":53,"loc":{"start":{"line":53,"column":70},"end":{"line":53,"column":92}},"locations":[{"start":{"line":53,"column":70},"end":{"line":53,"column":92}}]},"11":{"type":"branch","line":76,"loc":{"start":{"line":76,"column":146},"end":{"line":83,"column":26}},"locations":[{"start":{"line":76,"column":146},"end":{"line":83,"column":26}}]},"12":{"type":"branch","line":78,"loc":{"start":{"line":78,"column":142},"end":{"line":82,"column":25}},"locations":[{"start":{"line":78,"column":142},"end":{"line":82,"column":25}}]},"13":{"type":"branch","line":88,"loc":{"start":{"line":88,"column":135},"end":{"line":88,"column":157}},"locations":[{"start":{"line":88,"column":135},"end":{"line":88,"column":157}}]},"14":{"type":"branch","line":91,"loc":{"start":{"line":91,"column":137},"end":{"line":102,"column":38}},"locations":[{"start":{"line":91,"column":137},"end":{"line":102,"column":38}}]},"15":{"type":"branch","line":93,"loc":{"start":{"line":93,"column":124},"end":{"line":96,"column":25}},"locations":[{"start":{"line":93,"column":124},"end":{"line":96,"column":25}}]}},"b":{"0":[40],"1":[2],"2":[2],"3":[3],"4":[37],"5":[2],"6":[49],"7":[1],"8":[8],"9":[0],"10":[5],"11":[25],"12":[11],"13":[1],"14":[21],"15":[2]},"fnMap":{"0":{"name":"CreateBlog","decl":{"start":{"line":18,"column":19},"end":{"line":119,"column":1}},"loc":{"start":{"line":18,"column":19},"end":{"line":119,"column":1}},"line":18},"1":{"name":"onSubmit","decl":{"start":{"line":34,"column":19},"end":{"line":40,"column":3}},"loc":{"start":{"line":34,"column":19},"end":{"line":40,"column":3}},"line":34},"2":{"name":"onClick","decl":{"start":{"line":53,"column":70},"end":{"line":53,"column":92}},"loc":{"start":{"line":53,"column":70},"end":{"line":53,"column":92}},"line":53},"3":{"name":"render","decl":{"start":{"line":76,"column":146},"end":{"line":83,"column":26}},"loc":{"start":{"line":76,"column":146},"end":{"line":83,"column":26}},"line":76},"4":{"name":"onChange","decl":{"start":{"line":78,"column":142},"end":{"line":82,"column":25}},"loc":{"start":{"line":78,"column":142},"end":{"line":82,"column":25}},"line":78},"5":{"name":"onClick","decl":{"start":{"line":88,"column":135},"end":{"line":88,"column":157}},"loc":{"start":{"line":88,"column":135},"end":{"line":88,"column":157}},"line":88},"6":{"name":"render","decl":{"start":{"line":91,"column":137},"end":{"line":102,"column":38}},"loc":{"start":{"line":91,"column":137},"end":{"line":102,"column":38}},"line":91},"7":{"name":"onChange","decl":{"start":{"line":93,"column":124},"end":{"line":96,"column":25}},"loc":{"start":{"line":93,"column":124},"end":{"line":96,"column":25}},"line":93},"8":{"name":"onClick","decl":{"start":{"line":112,"column":72},"end":{"line":112,"column":94}},"loc":{"start":{"line":112,"column":72},"end":{"line":112,"column":94}},"line":112}},"f":{"0":40,"1":1,"2":5,"3":25,"4":11,"5":1,"6":21,"7":2,"8":0}}
,"/Users/uzmacbook/Documents/Frontend/udev-blogs/src/components/CustomContainer.tsx": {"path":"/Users/uzmacbook/Documents/Frontend/udev-blogs/src/components/CustomContainer.tsx","all":false,"statementMap":{"0":{"start":{"line":1,"column":0},"end":{"line":1,"column":65}},"1":{"start":{"line":2,"column":0},"end":{"line":2,"column":25}},"3":{"start":{"line":4,"column":0},"end":{"line":4,"column":101}},"4":{"start":{"line":5,"column":0},"end":{"line":5,"column":10}},"5":{"start":{"line":6,"column":0},"end":{"line":6,"column":14}},"6":{"start":{"line":7,"column":0},"end":{"line":7,"column":85}},"7":{"start":{"line":8,"column":0},"end":{"line":8,"column":16}},"9":{"start":{"line":10,"column":0},"end":{"line":10,"column":16}},"10":{"start":{"line":11,"column":0},"end":{"line":11,"column":16}},"12":{"start":{"line":13,"column":0},"end":{"line":13,"column":1}},"14":{"start":{"line":15,"column":0},"end":{"line":15,"column":30}}},"s":{"0":1,"1":1,"3":1,"4":61,"5":61,"6":61,"7":61,"9":61,"10":61,"12":61,"14":1},"branchMap":{"0":{"type":"branch","line":4,"loc":{"start":{"line":4,"column":24},"end":{"line":13,"column":1}},"locations":[{"start":{"line":4,"column":24},"end":{"line":13,"column":1}}]}},"b":{"0":[61]},"fnMap":{"0":{"name":"CustomContainer","decl":{"start":{"line":4,"column":24},"end":{"line":13,"column":1}},"loc":{"start":{"line":4,"column":24},"end":{"line":13,"column":1}},"line":4}},"f":{"0":61}}
,"/Users/uzmacbook/Documents/Frontend/udev-blogs/src/components/CustomPaginate.tsx": {"path":"/Users/uzmacbook/Documents/Frontend/udev-blogs/src/components/CustomPaginate.tsx","all":false,"statementMap":{"1":{"start":{"line":2,"column":0},"end":{"line":2,"column":70}},"2":{"start":{"line":3,"column":0},"end":{"line":3,"column":52}},"4":{"start":{"line":5,"column":0},"end":{"line":5,"column":214}},"5":{"start":{"line":6,"column":0},"end":{"line":6,"column":10}},"6":{"start":{"line":7,"column":0},"end":{"line":7,"column":139}},"7":{"start":{"line":8,"column":0},"end":{"line":8,"column":45}},"8":{"start":{"line":9,"column":0},"end":{"line":9,"column":40}},"9":{"start":{"line":10,"column":0},"end":{"line":10,"column":51}},"10":{"start":{"line":11,"column":0},"end":{"line":11,"column":25}},"11":{"start":{"line":12,"column":0},"end":{"line":12,"column":23}},"12":{"start":{"line":13,"column":0},"end":{"line":13,"column":33}},"14":{"start":{"line":15,"column":0},"end":{"line":15,"column":25}},"15":{"start":{"line":16,"column":0},"end":{"line":16,"column":35}},"16":{"start":{"line":17,"column":0},"end":{"line":17,"column":171}},"17":{"start":{"line":18,"column":0},"end":{"line":18,"column":32}},"18":{"start":{"line":19,"column":0},"end":{"line":19,"column":25}},"20":{"start":{"line":21,"column":0},"end":{"line":21,"column":10}},"22":{"start":{"line":23,"column":0},"end":{"line":23,"column":40}},"23":{"start":{"line":24,"column":0},"end":{"line":24,"column":51}},"24":{"start":{"line":25,"column":0},"end":{"line":25,"column":26}},"25":{"start":{"line":26,"column":0},"end":{"line":26,"column":23}},"26":{"start":{"line":27,"column":0},"end":{"line":27,"column":33}},"27":{"start":{"line":28,"column":0},"end":{"line":28,"column":20}},"28":{"start":{"line":29,"column":0},"end":{"line":29,"column":22}},"30":{"start":{"line":31,"column":0},"end":{"line":31,"column":1}},"32":{"start":{"line":33,"column":0},"end":{"line":33,"column":29}}},"s":{"1":1,"2":1,"4":1,"5":25,"6":25,"7":25,"8":25,"9":25,"10":25,"11":25,"12":25,"14":25,"15":25,"16":72,"17":72,"18":72,"20":25,"22":25,"23":25,"24":25,"25":25,"26":25,"27":25,"28":25,"30":25,"32":1},"branchMap":{"0":{"type":"branch","line":5,"loc":{"start":{"line":5,"column":23},"end":{"line":31,"column":1}},"locations":[{"start":{"line":5,"column":23},"end":{"line":31,"column":1}}]},"1":{"type":"branch","line":7,"loc":{"start":{"line":7,"column":38},"end":{"line":7,"column":59}},"locations":[{"start":{"line":7,"column":38},"end":{"line":7,"column":59}}]},"2":{"type":"branch","line":7,"loc":{"start":{"line":7,"column":49},"end":{"line":7,"column":67}},"locations":[{"start":{"line":7,"column":49},"end":{"line":7,"column":67}}]},"3":{"type":"branch","line":16,"loc":{"start":{"line":16,"column":18},"end":{"line":19,"column":25}},"locations":[{"start":{"line":16,"column":18},"end":{"line":19,"column":25}}]},"4":{"type":"branch","line":17,"loc":{"start":{"line":17,"column":49},"end":{"line":17,"column":68}},"locations":[{"start":{"line":17,"column":49},"end":{"line":17,"column":68}}]},"5":{"type":"branch","line":17,"loc":{"start":{"line":17,"column":57},"end":{"line":17,"column":76}},"locations":[{"start":{"line":17,"column":57},"end":{"line":17,"column":76}}]},"6":{"type":"branch","line":17,"loc":{"start":{"line":17,"column":135},"end":{"line":17,"column":171}},"locations":[{"start":{"line":17,"column":135},"end":{"line":17,"column":171}}]}},"b":{"0":[25],"1":[20],"2":[5],"3":[72],"4":[25],"5":[47],"6":[4]},"fnMap":{"0":{"name":"CustomPaginate","decl":{"start":{"line":5,"column":23},"end":{"line":31,"column":1}},"loc":{"start":{"line":5,"column":23},"end":{"line":31,"column":1}},"line":5},"1":{"name":"render","decl":{"start":{"line":16,"column":18},"end":{"line":19,"column":25}},"loc":{"start":{"line":16,"column":18},"end":{"line":19,"column":25}},"line":16},"2":{"name":"onClick","decl":{"start":{"line":17,"column":135},"end":{"line":17,"column":171}},"loc":{"start":{"line":17,"column":135},"end":{"line":17,"column":171}},"line":17}},"f":{"0":25,"1":72,"2":4}}
,"/Users/uzmacbook/Documents/Frontend/udev-blogs/src/components/CustomSelect.tsx": {"path":"/Users/uzmacbook/Documents/Frontend/udev-blogs/src/components/CustomSelect.tsx","all":false,"statementMap":{"1":{"start":{"line":2,"column":0},"end":{"line":2,"column":71}},"3":{"start":{"line":4,"column":0},"end":{"line":4,"column":84}},"5":{"start":{"line":6,"column":0},"end":{"line":6,"column":10}},"6":{"start":{"line":7,"column":0},"end":{"line":7,"column":54}},"7":{"start":{"line":8,"column":0},"end":{"line":8,"column":22}},"8":{"start":{"line":9,"column":0},"end":{"line":9,"column":24}},"9":{"start":{"line":10,"column":0},"end":{"line":10,"column":50}},"10":{"start":{"line":11,"column":0},"end":{"line":11,"column":25}},"11":{"start":{"line":12,"column":0},"end":{"line":12,"column":31}},"12":{"start":{"line":13,"column":0},"end":{"line":13,"column":30}},"13":{"start":{"line":14,"column":0},"end":{"line":14,"column":32}},"14":{"start":{"line":15,"column":0},"end":{"line":15,"column":23}},"15":{"start":{"line":16,"column":0},"end":{"line":16,"column":14}},"16":{"start":{"line":17,"column":0},"end":{"line":17,"column":27}},"17":{"start":{"line":18,"column":0},"end":{"line":18,"column":26}},"18":{"start":{"line":19,"column":0},"end":{"line":19,"column":56}},"19":{"start":{"line":20,"column":0},"end":{"line":20,"column":66}},"20":{"start":{"line":21,"column":0},"end":{"line":21,"column":33}},"21":{"start":{"line":22,"column":0},"end":{"line":22,"column":40}},"22":{"start":{"line":23,"column":0},"end":{"line":23,"column":28}},"23":{"start":{"line":24,"column":0},"end":{"line":24,"column":15}},"24":{"start":{"line":25,"column":0},"end":{"line":25,"column":27}},"25":{"start":{"line":26,"column":0},"end":{"line":26,"column":28}},"26":{"start":{"line":27,"column":0},"end":{"line":27,"column":15}},"27":{"start":{"line":28,"column":0},"end":{"line":28,"column":18}},"29":{"start":{"line":30,"column":0},"end":{"line":30,"column":1}},"31":{"start":{"line":32,"column":0},"end":{"line":32,"column":27}}},"s":{"1":1,"3":1,"5":62,"6":62,"7":62,"8":62,"9":62,"10":62,"11":62,"12":62,"13":62,"14":62,"15":62,"16":62,"17":62,"18":62,"19":354,"20":354,"21":354,"22":354,"23":62,"24":62,"25":62,"26":62,"27":62,"29":62,"31":1},"branchMap":{"0":{"type":"branch","line":4,"loc":{"start":{"line":4,"column":21},"end":{"line":30,"column":1}},"locations":[{"start":{"line":4,"column":21},"end":{"line":30,"column":1}}]},"1":{"type":"branch","line":19,"loc":{"start":{"line":19,"column":40},"end":{"line":23,"column":28}},"locations":[{"start":{"line":19,"column":40},"end":{"line":23,"column":28}}]}},"b":{"0":[62],"1":[354]},"fnMap":{"0":{"name":"CustomSelect","decl":{"start":{"line":4,"column":21},"end":{"line":30,"column":1}},"loc":{"start":{"line":4,"column":21},"end":{"line":30,"column":1}},"line":4}},"f":{"0":62}}
,"/Users/uzmacbook/Documents/Frontend/udev-blogs/src/components/Footer.tsx": {"path":"/Users/uzmacbook/Documents/Frontend/udev-blogs/src/components/Footer.tsx","all":false,"statementMap":{"0":{"start":{"line":1,"column":0},"end":{"line":1,"column":8}},"10":{"start":{"line":11,"column":0},"end":{"line":11,"column":69}},"11":{"start":{"line":12,"column":0},"end":{"line":12,"column":10}},"12":{"start":{"line":13,"column":0},"end":{"line":13,"column":69}},"13":{"start":{"line":14,"column":0},"end":{"line":14,"column":16}},"14":{"start":{"line":15,"column":0},"end":{"line":15,"column":11}},"16":{"start":{"line":17,"column":0},"end":{"line":17,"column":2}},"18":{"start":{"line":19,"column":0},"end":{"line":19,"column":34}},"19":{"start":{"line":20,"column":0},"end":{"line":20,"column":10}},"20":{"start":{"line":21,"column":0},"end":{"line":21,"column":8}},"21":{"start":{"line":22,"column":0},"end":{"line":22,"column":20}},"22":{"start":{"line":23,"column":0},"end":{"line":23,"column":24}},"24":{"start":{"line":25,"column":0},"end":{"line":25,"column":49}},"25":{"start":{"line":26,"column":0},"end":{"line":26,"column":13}},"26":{"start":{"line":27,"column":0},"end":{"line":27,"column":68}},"27":{"start":{"line":28,"column":0},"end":{"line":28,"column":17}},"29":{"start":{"line":30,"column":0},"end":{"line":30,"column":30}},"30":{"start":{"line":31,"column":0},"end":{"line":31,"column":17}},"31":{"start":{"line":32,"column":0},"end":{"line":32,"column":76}},"32":{"start":{"line":33,"column":0},"end":{"line":33,"column":18}},"33":{"start":{"line":34,"column":0},"end":{"line":34,"column":64}},"35":{"start":{"line":36,"column":0},"end":{"line":36,"column":20}},"37":{"start":{"line":38,"column":0},"end":{"line":38,"column":20}},"39":{"start":{"line":40,"column":0},"end":{"line":40,"column":19}},"40":{"start":{"line":41,"column":0},"end":{"line":41,"column":18}},"42":{"start":{"line":43,"column":0},"end":{"line":43,"column":51}},"43":{"start":{"line":44,"column":0},"end":{"line":44,"column":44}},"44":{"start":{"line":45,"column":0},"end":{"line":45,"column":74}},"46":{"start":{"line":47,"column":0},"end":{"line":47,"column":19}},"47":{"start":{"line":48,"column":0},"end":{"line":48,"column":74}},"49":{"start":{"line":50,"column":0},"end":{"line":50,"column":19}},"50":{"start":{"line":51,"column":0},"end":{"line":51,"column":74}},"52":{"start":{"line":53,"column":0},"end":{"line":53,"column":19}},"53":{"start":{"line":54,"column":0},"end":{"line":54,"column":74}},"55":{"start":{"line":56,"column":0},"end":{"line":56,"column":19}},"56":{"start":{"line":57,"column":0},"end":{"line":57,"column":18}},"58":{"start":{"line":59,"column":0},"end":{"line":59,"column":38}},"59":{"start":{"line":60,"column":0},"end":{"line":60,"column":42}},"60":{"start":{"line":61,"column":0},"end":{"line":61,"column":74}},"62":{"start":{"line":63,"column":0},"end":{"line":63,"column":19}},"63":{"start":{"line":64,"column":0},"end":{"line":64,"column":74}},"65":{"start":{"line":66,"column":0},"end":{"line":66,"column":19}},"66":{"start":{"line":67,"column":0},"end":{"line":67,"column":74}},"68":{"start":{"line":69,"column":0},"end":{"line":69,"column":19}},"69":{"start":{"line":70,"column":0},"end":{"line":70,"column":74}},"71":{"start":{"line":72,"column":0},"end":{"line":72,"column":19}},"72":{"start":{"line":73,"column":0},"end":{"line":73,"column":18}},"74":{"start":{"line":75,"column":0},"end":{"line":75,"column":51}},"75":{"start":{"line":76,"column":0},"end":{"line":76,"column":43}},"76":{"start":{"line":77,"column":0},"end":{"line":77,"column":74}},"78":{"start":{"line":79,"column":0},"end":{"line":79,"column":20}},"80":{"start":{"line":81,"column":0},"end":{"line":81,"column":19}},"81":{"start":{"line":82,"column":0},"end":{"line":82,"column":18}},"82":{"start":{"line":83,"column":0},"end":{"line":83,"column":15}},"83":{"start":{"line":84,"column":0},"end":{"line":84,"column":18}},"85":{"start":{"line":86,"column":0},"end":{"line":86,"column":10}},"86":{"start":{"line":87,"column":0},"end":{"line":87,"column":26}},"87":{"start":{"line":88,"column":0},"end":{"line":88,"column":29}},"88":{"start":{"line":89,"column":0},"end":{"line":89,"column":32}},"90":{"start":{"line":91,"column":0},"end":{"line":91,"column":18}},"91":{"start":{"line":92,"column":0},"end":{"line":92,"column":20}},"92":{"start":{"line":93,"column":0},"end":{"line":93,"column":22}},"93":{"start":{"line":94,"column":0},"end":{"line":94,"column":16}},"94":{"start":{"line":95,"column":0},"end":{"line":95,"column":51}},"95":{"start":{"line":96,"column":0},"end":{"line":96,"column":17}},"96":{"start":{"line":97,"column":0},"end":{"line":97,"column":63}},"97":{"start":{"line":98,"column":0},"end":{"line":98,"column":55}},"99":{"start":{"line":100,"column":0},"end":{"line":100,"column":49}},"101":{"start":{"line":102,"column":0},"end":{"line":102,"column":17}},"102":{"start":{"line":103,"column":0},"end":{"line":103,"column":20}},"103":{"start":{"line":104,"column":0},"end":{"line":104,"column":12}},"104":{"start":{"line":105,"column":0},"end":{"line":105,"column":10}},"106":{"start":{"line":107,"column":0},"end":{"line":107,"column":1}}},"s":{"0":1,"10":1,"11":15,"12":15,"13":15,"14":15,"16":15,"18":5,"19":5,"20":5,"21":5,"22":5,"24":5,"25":5,"26":5,"27":5,"29":5,"30":5,"31":5,"32":5,"33":5,"35":5,"37":5,"39":5,"40":5,"42":5,"43":5,"44":5,"46":5,"47":5,"49":5,"50":5,"52":5,"53":5,"55":5,"56":5,"58":5,"59":5,"60":5,"62":5,"63":5,"65":5,"66":5,"68":5,"69":5,"71":5,"72":5,"74":5,"75":5,"76":5,"78":5,"80":5,"81":5,"82":5,"83":5,"85":5,"86":5,"87":5,"88":5,"90":5,"91":5,"92":5,"93":5,"94":5,"95":5,"96":5,"97":5,"99":5,"101":5,"102":5,"103":5,"104":5,"106":5},"branchMap":{"0":{"type":"branch","line":11,"loc":{"start":{"line":11,"column":19},"end":{"line":17,"column":2}},"locations":[{"start":{"line":11,"column":19},"end":{"line":17,"column":2}}]},"1":{"type":"branch","line":19,"loc":{"start":{"line":19,"column":0},"end":{"line":107,"column":1}},"locations":[{"start":{"line":19,"column":0},"end":{"line":107,"column":1}}]}},"b":{"0":[15],"1":[5]},"fnMap":{"0":{"name":"ListHeader","decl":{"start":{"line":11,"column":19},"end":{"line":17,"column":2}},"loc":{"start":{"line":11,"column":19},"end":{"line":17,"column":2}},"line":11},"1":{"name":"Footer","decl":{"start":{"line":19,"column":0},"end":{"line":107,"column":1}},"loc":{"start":{"line":19,"column":0},"end":{"line":107,"column":1}},"line":19}},"f":{"0":15,"1":5}}
,"/Users/uzmacbook/Documents/Frontend/udev-blogs/src/components/MarkdownRenderer.tsx": {"path":"/Users/uzmacbook/Documents/Frontend/udev-blogs/src/components/MarkdownRenderer.tsx","all":false,"statementMap":{"0":{"start":{"line":1,"column":0},"end":{"line":1,"column":43}},"1":{"start":{"line":2,"column":0},"end":{"line":2,"column":8}},"9":{"start":{"line":10,"column":0},"end":{"line":10,"column":103}},"10":{"start":{"line":11,"column":0},"end":{"line":11,"column":10}},"11":{"start":{"line":12,"column":0},"end":{"line":12,"column":57}},"12":{"start":{"line":13,"column":0},"end":{"line":13,"column":21}},"13":{"start":{"line":14,"column":0},"end":{"line":14,"column":21}},"14":{"start":{"line":15,"column":0},"end":{"line":15,"column":39}},"15":{"start":{"line":16,"column":0},"end":{"line":16,"column":60}},"17":{"start":{"line":18,"column":0},"end":{"line":18,"column":39}},"18":{"start":{"line":19,"column":0},"end":{"line":19,"column":59}},"20":{"start":{"line":21,"column":0},"end":{"line":21,"column":39}},"21":{"start":{"line":22,"column":0},"end":{"line":22,"column":59}},"23":{"start":{"line":24,"column":0},"end":{"line":24,"column":73}},"24":{"start":{"line":25,"column":0},"end":{"line":25,"column":38}},"25":{"start":{"line":26,"column":0},"end":{"line":26,"column":75}},"27":{"start":{"line":28,"column":0},"end":{"line":28,"column":41}},"28":{"start":{"line":29,"column":0},"end":{"line":29,"column":104}},"30":{"start":{"line":31,"column":0},"end":{"line":31,"column":10}},"32":{"start":{"line":33,"column":0},"end":{"line":33,"column":17}},"33":{"start":{"line":34,"column":0},"end":{"line":34,"column":22}},"34":{"start":{"line":35,"column":0},"end":{"line":35,"column":10}},"36":{"start":{"line":37,"column":0},"end":{"line":37,"column":1}}},"s":{"0":1,"1":1,"9":1,"10":1,"11":1,"12":1,"13":1,"14":1,"15":0,"17":1,"18":5,"20":1,"21":1,"23":1,"24":1,"25":0,"27":1,"28":0,"30":1,"32":1,"33":1,"34":1,"36":1},"branchMap":{"0":{"type":"branch","line":10,"loc":{"start":{"line":10,"column":0},"end":{"line":37,"column":1}},"locations":[{"start":{"line":10,"column":0},"end":{"line":37,"column":1}}]},"1":{"type":"branch","line":18,"loc":{"start":{"line":18,"column":14},"end":{"line":19,"column":59}},"locations":[{"start":{"line":18,"column":14},"end":{"line":19,"column":59}}]},"2":{"type":"branch","line":21,"loc":{"start":{"line":21,"column":14},"end":{"line":22,"column":59}},"locations":[{"start":{"line":21,"column":14},"end":{"line":22,"column":59}}]},"3":{"type":"branch","line":24,"loc":{"start":{"line":24,"column":13},"end":{"line":24,"column":73}},"locations":[{"start":{"line":24,"column":13},"end":{"line":24,"column":73}}]}},"b":{"0":[1],"1":[5],"2":[1],"3":[8]},"fnMap":{"0":{"name":"MarkdownRenderer","decl":{"start":{"line":10,"column":0},"end":{"line":37,"column":1}},"loc":{"start":{"line":10,"column":0},"end":{"line":37,"column":1}},"line":10},"1":{"name":"h1","decl":{"start":{"line":15,"column":14},"end":{"line":16,"column":60}},"loc":{"start":{"line":15,"column":14},"end":{"line":16,"column":60}},"line":15},"2":{"name":"h2","decl":{"start":{"line":18,"column":14},"end":{"line":19,"column":59}},"loc":{"start":{"line":18,"column":14},"end":{"line":19,"column":59}},"line":18},"3":{"name":"h3","decl":{"start":{"line":21,"column":14},"end":{"line":22,"column":59}},"loc":{"start":{"line":21,"column":14},"end":{"line":22,"column":59}},"line":21},"4":{"name":"p","decl":{"start":{"line":24,"column":13},"end":{"line":24,"column":73}},"loc":{"start":{"line":24,"column":13},"end":{"line":24,"column":73}},"line":24},"5":{"name":"a","decl":{"start":{"line":25,"column":13},"end":{"line":26,"column":75}},"loc":{"start":{"line":25,"column":13},"end":{"line":26,"column":75}},"line":25},"6":{"name":"code","decl":{"start":{"line":28,"column":16},"end":{"line":29,"column":104}},"loc":{"start":{"line":28,"column":16},"end":{"line":29,"column":104}},"line":28}},"f":{"0":1,"1":0,"2":5,"3":1,"4":8,"5":0,"6":0}}
,"/Users/uzmacbook/Documents/Frontend/udev-blogs/src/components/Modal.tsx": {"path":"/Users/uzmacbook/Documents/Frontend/udev-blogs/src/components/Modal.tsx","all":false,"statementMap":{"0":{"start":{"line":1,"column":0},"end":{"line":1,"column":41}},"1":{"start":{"line":2,"column":0},"end":{"line":2,"column":32}},"2":{"start":{"line":3,"column":0},"end":{"line":3,"column":25}},"3":{"start":{"line":4,"column":0},"end":{"line":4,"column":38}},"5":{"start":{"line":6,"column":0},"end":{"line":6,"column":121}},"6":{"start":{"line":7,"column":0},"end":{"line":7,"column":10}},"7":{"start":{"line":8,"column":0},"end":{"line":8,"column":82}},"8":{"start":{"line":9,"column":0},"end":{"line":9,"column":102}},"9":{"start":{"line":10,"column":0},"end":{"line":10,"column":235}},"10":{"start":{"line":11,"column":0},"end":{"line":11,"column":18}},"11":{"start":{"line":12,"column":0},"end":{"line":12,"column":12}},"12":{"start":{"line":13,"column":0},"end":{"line":13,"column":10}},"14":{"start":{"line":15,"column":0},"end":{"line":15,"column":1}},"16":{"start":{"line":17,"column":0},"end":{"line":17,"column":26}}},"s":{"0":1,"1":1,"2":1,"3":1,"5":1,"6":18,"7":18,"8":18,"9":18,"10":18,"11":18,"12":18,"14":18,"16":1},"branchMap":{"0":{"type":"branch","line":6,"loc":{"start":{"line":6,"column":20},"end":{"line":15,"column":1}},"locations":[{"start":{"line":6,"column":20},"end":{"line":15,"column":1}}]},"1":{"type":"branch","line":8,"loc":{"start":{"line":8,"column":53},"end":{"line":8,"column":70}},"locations":[{"start":{"line":8,"column":53},"end":{"line":8,"column":70}}]},"2":{"type":"branch","line":8,"loc":{"start":{"line":8,"column":60},"end":{"line":8,"column":78}},"locations":[{"start":{"line":8,"column":60},"end":{"line":8,"column":78}}]}},"b":{"0":[18],"1":[6],"2":[12]},"fnMap":{"0":{"name":"CustomModal","decl":{"start":{"line":6,"column":20},"end":{"line":15,"column":1}},"loc":{"start":{"line":6,"column":20},"end":{"line":15,"column":1}},"line":6}},"f":{"0":18}}
,"/Users/uzmacbook/Documents/Frontend/udev-blogs/src/components/MultipleInput.tsx": {"path":"/Users/uzmacbook/Documents/Frontend/udev-blogs/src/components/MultipleInput.tsx","all":false,"statementMap":{"0":{"start":{"line":1,"column":0},"end":{"line":1,"column":64}},"1":{"start":{"line":2,"column":0},"end":{"line":2,"column":35}},"2":{"start":{"line":3,"column":0},"end":{"line":3,"column":32}},"12":{"start":{"line":13,"column":0},"end":{"line":13,"column":93}},"13":{"start":{"line":14,"column":0},"end":{"line":14,"column":58}},"14":{"start":{"line":15,"column":0},"end":{"line":15,"column":10}},"15":{"start":{"line":16,"column":0},"end":{"line":16,"column":99}},"16":{"start":{"line":17,"column":0},"end":{"line":17,"column":201}},"17":{"start":{"line":18,"column":0},"end":{"line":18,"column":64}},"18":{"start":{"line":19,"column":0},"end":{"line":19,"column":39}},"19":{"start":{"line":20,"column":0},"end":{"line":20,"column":51}},"20":{"start":{"line":21,"column":0},"end":{"line":21,"column":102}},"21":{"start":{"line":22,"column":0},"end":{"line":22,"column":30}},"22":{"start":{"line":23,"column":0},"end":{"line":23,"column":90}},"24":{"start":{"line":25,"column":0},"end":{"line":25,"column":65}},"25":{"start":{"line":26,"column":0},"end":{"line":26,"column":21}},"26":{"start":{"line":27,"column":0},"end":{"line":27,"column":31}},"27":{"start":{"line":28,"column":0},"end":{"line":28,"column":23}},"28":{"start":{"line":29,"column":0},"end":{"line":29,"column":13}},"29":{"start":{"line":30,"column":0},"end":{"line":30,"column":15}},"30":{"start":{"line":31,"column":0},"end":{"line":31,"column":242}},"31":{"start":{"line":32,"column":0},"end":{"line":32,"column":12}},"32":{"start":{"line":33,"column":0},"end":{"line":33,"column":80}},"33":{"start":{"line":34,"column":0},"end":{"line":34,"column":32}},"34":{"start":{"line":35,"column":0},"end":{"line":35,"column":42}},"35":{"start":{"line":36,"column":0},"end":{"line":36,"column":27}},"36":{"start":{"line":37,"column":0},"end":{"line":37,"column":9}},"38":{"start":{"line":39,"column":0},"end":{"line":39,"column":29}},"39":{"start":{"line":40,"column":0},"end":{"line":40,"column":42}},"40":{"start":{"line":41,"column":0},"end":{"line":41,"column":15}},"41":{"start":{"line":42,"column":0},"end":{"line":42,"column":10}},"43":{"start":{"line":44,"column":0},"end":{"line":44,"column":1}},"45":{"start":{"line":46,"column":0},"end":{"line":46,"column":28}}},"s":{"0":1,"1":1,"2":1,"12":1,"13":79,"14":79,"15":79,"16":79,"17":79,"18":79,"19":32,"20":32,"21":32,"22":32,"24":1,"25":32,"26":32,"27":32,"28":79,"29":79,"30":79,"31":79,"32":79,"33":7,"34":7,"35":7,"36":7,"38":79,"39":79,"40":79,"41":79,"43":79,"45":1},"branchMap":{"0":{"type":"branch","line":13,"loc":{"start":{"line":13,"column":22},"end":{"line":44,"column":1}},"locations":[{"start":{"line":13,"column":22},"end":{"line":44,"column":1}}]},"1":{"type":"branch","line":31,"loc":{"start":{"line":31,"column":21},"end":{"line":31,"column":46}},"locations":[{"start":{"line":31,"column":21},"end":{"line":31,"column":46}}]},"2":{"type":"branch","line":31,"loc":{"start":{"line":31,"column":35},"end":{"line":31,"column":64}},"locations":[{"start":{"line":31,"column":35},"end":{"line":31,"column":64}}]},"3":{"type":"branch","line":33,"loc":{"start":{"line":33,"column":20},"end":{"line":33,"column":50}},"locations":[{"start":{"line":33,"column":20},"end":{"line":33,"column":50}}]},"4":{"type":"branch","line":33,"loc":{"start":{"line":33,"column":34},"end":{"line":33,"column":64}},"locations":[{"start":{"line":33,"column":34},"end":{"line":33,"column":64}}]},"5":{"type":"branch","line":19,"loc":{"start":{"line":19,"column":21},"end":{"line":28,"column":23}},"locations":[{"start":{"line":19,"column":21},"end":{"line":28,"column":23}}]},"6":{"type":"branch","line":23,"loc":{"start":{"line":23,"column":83},"end":{"line":26,"column":19}},"locations":[{"start":{"line":23,"column":83},"end":{"line":26,"column":19}}]},"7":{"type":"branch","line":25,"loc":{"start":{"line":25,"column":40},"end":{"line":25,"column":63}},"locations":[{"start":{"line":25,"column":40},"end":{"line":25,"column":63}}]},"8":{"type":"branch","line":31,"loc":{"start":{"line":31,"column":202},"end":{"line":31,"column":240}},"locations":[{"start":{"line":31,"column":202},"end":{"line":31,"column":240}}]},"9":{"type":"branch","line":33,"loc":{"start":{"line":33,"column":73},"end":{"line":39,"column":9}},"locations":[{"start":{"line":33,"column":73},"end":{"line":39,"column":9}}]}},"b":{"0":[79],"1":[54],"2":[25],"3":[54],"4":[25],"5":[32],"6":[1],"7":[2],"8":[39],"9":[7]},"fnMap":{"0":{"name":"MultipleInput","decl":{"start":{"line":13,"column":22},"end":{"line":44,"column":1}},"loc":{"start":{"line":13,"column":22},"end":{"line":44,"column":1}},"line":13},"1":{"name":"onClick","decl":{"start":{"line":23,"column":83},"end":{"line":26,"column":19}},"loc":{"start":{"line":23,"column":83},"end":{"line":26,"column":19}},"line":23},"2":{"name":"onChange","decl":{"start":{"line":31,"column":202},"end":{"line":31,"column":240}},"loc":{"start":{"line":31,"column":202},"end":{"line":31,"column":240}},"line":31},"3":{"name":"onClick","decl":{"start":{"line":33,"column":73},"end":{"line":39,"column":9}},"loc":{"start":{"line":33,"column":73},"end":{"line":39,"column":9}},"line":33}},"f":{"0":79,"1":1,"2":39,"3":7}}
,"/Users/uzmacbook/Documents/Frontend/udev-blogs/src/components/Navbar.tsx": {"path":"/Users/uzmacbook/Documents/Frontend/udev-blogs/src/components/Navbar.tsx","all":false,"statementMap":{"0":{"start":{"line":1,"column":0},"end":{"line":1,"column":47}},"1":{"start":{"line":2,"column":0},"end":{"line":2,"column":35}},"2":{"start":{"line":3,"column":0},"end":{"line":3,"column":32}},"3":{"start":{"line":4,"column":0},"end":{"line":4,"column":52}},"4":{"start":{"line":5,"column":0},"end":{"line":5,"column":45}},"5":{"start":{"line":6,"column":0},"end":{"line":6,"column":41}},"6":{"start":{"line":7,"column":0},"end":{"line":7,"column":41}},"7":{"start":{"line":8,"column":0},"end":{"line":8,"column":35}},"8":{"start":{"line":9,"column":0},"end":{"line":9,"column":58}},"9":{"start":{"line":10,"column":0},"end":{"line":10,"column":47}},"10":{"start":{"line":11,"column":0},"end":{"line":11,"column":31}},"11":{"start":{"line":12,"column":0},"end":{"line":12,"column":31}},"12":{"start":{"line":13,"column":0},"end":{"line":13,"column":22}},"13":{"start":{"line":14,"column":0},"end":{"line":14,"column":51}},"14":{"start":{"line":15,"column":0},"end":{"line":15,"column":54}},"15":{"start":{"line":16,"column":0},"end":{"line":16,"column":56}},"16":{"start":{"line":17,"column":0},"end":{"line":17,"column":41}},"17":{"start":{"line":18,"column":0},"end":{"line":18,"column":10}},"18":{"start":{"line":19,"column":0},"end":{"line":19,"column":6}},"19":{"start":{"line":20,"column":0},"end":{"line":20,"column":37}},"20":{"start":{"line":21,"column":0},"end":{"line":21,"column":118}},"21":{"start":{"line":22,"column":0},"end":{"line":22,"column":45}},"22":{"start":{"line":23,"column":0},"end":{"line":23,"column":87}},"24":{"start":{"line":25,"column":0},"end":{"line":25,"column":71}},"25":{"start":{"line":26,"column":0},"end":{"line":26,"column":32}},"26":{"start":{"line":27,"column":0},"end":{"line":27,"column":51}},"27":{"start":{"line":28,"column":0},"end":{"line":28,"column":241}},"28":{"start":{"line":29,"column":0},"end":{"line":29,"column":21}},"29":{"start":{"line":30,"column":0},"end":{"line":30,"column":15}},"30":{"start":{"line":31,"column":0},"end":{"line":31,"column":17}},"31":{"start":{"line":32,"column":0},"end":{"line":32,"column":41}},"32":{"start":{"line":33,"column":0},"end":{"line":33,"column":52}},"33":{"start":{"line":34,"column":0},"end":{"line":34,"column":57}},"34":{"start":{"line":35,"column":0},"end":{"line":35,"column":130}},"35":{"start":{"line":36,"column":0},"end":{"line":36,"column":23}},"36":{"start":{"line":37,"column":0},"end":{"line":37,"column":16}},"37":{"start":{"line":38,"column":0},"end":{"line":38,"column":26}},"38":{"start":{"line":39,"column":0},"end":{"line":39,"column":15}},"39":{"start":{"line":40,"column":0},"end":{"line":40,"column":72}},"40":{"start":{"line":41,"column":0},"end":{"line":41,"column":214}},"41":{"start":{"line":42,"column":0},"end":{"line":42,"column":20}},"43":{"start":{"line":44,"column":0},"end":{"line":44,"column":7}},"45":{"start":{"line":46,"column":0},"end":{"line":46,"column":1}},"47":{"start":{"line":48,"column":0},"end":{"line":48,"column":21}}},"s":{"0":1,"1":1,"2":1,"3":1,"4":1,"5":1,"6":1,"7":1,"8":1,"9":1,"10":1,"11":1,"12":1,"13":16,"14":16,"15":16,"16":16,"17":16,"18":16,"19":16,"20":16,"21":16,"22":16,"24":16,"25":16,"26":112,"27":112,"28":112,"29":16,"30":16,"31":16,"32":16,"33":16,"34":16,"35":16,"36":16,"37":16,"38":16,"39":16,"40":16,"41":16,"43":16,"45":16,"47":1},"branchMap":{"0":{"type":"branch","line":13,"loc":{"start":{"line":13,"column":15},"end":{"line":46,"column":1}},"locations":[{"start":{"line":13,"column":15},"end":{"line":46,"column":1}}]},"1":{"type":"branch","line":35,"loc":{"start":{"line":35,"column":13},"end":{"line":35,"column":34}},"locations":[{"start":{"line":35,"column":13},"end":{"line":35,"column":34}}]},"2":{"type":"branch","line":35,"loc":{"start":{"line":35,"column":29},"end":{"line":35,"column":130}},"locations":[{"start":{"line":35,"column":29},"end":{"line":35,"column":130}}]},"3":{"type":"branch","line":41,"loc":{"start":{"line":41,"column":23},"end":{"line":41,"column":125}},"locations":[{"start":{"line":41,"column":23},"end":{"line":41,"column":125}}]},"4":{"type":"branch","line":41,"loc":{"start":{"line":41,"column":120},"end":{"line":41,"column":214}},"locations":[{"start":{"line":41,"column":120},"end":{"line":41,"column":214}}]},"5":{"type":"branch","line":16,"loc":{"start":{"line":16,"column":34},"end":{"line":16,"column":55}},"locations":[{"start":{"line":16,"column":34},"end":{"line":16,"column":55}}]},"6":{"type":"branch","line":26,"loc":{"start":{"line":26,"column":22},"end":{"line":29,"column":21}},"locations":[{"start":{"line":26,"column":22},"end":{"line":29,"column":21}}]},"7":{"type":"branch","line":28,"loc":{"start":{"line":28,"column":193},"end":{"line":28,"column":211}},"locations":[{"start":{"line":28,"column":193},"end":{"line":28,"column":211}}]},"8":{"type":"branch","line":35,"loc":{"start":{"line":35,"column":89},"end":{"line":35,"column":115}},"locations":[{"start":{"line":35,"column":89},"end":{"line":35,"column":115}}]},"9":{"type":"branch","line":41,"loc":{"start":{"line":41,"column":53},"end":{"line":41,"column":80}},"locations":[{"start":{"line":41,"column":53},"end":{"line":41,"column":80}}]},"10":{"type":"branch","line":41,"loc":{"start":{"line":41,"column":90},"end":{"line":41,"column":120}},"locations":[{"start":{"line":41,"column":90},"end":{"line":41,"column":120}}]},"11":{"type":"branch","line":41,"loc":{"start":{"line":41,"column":144},"end":{"line":41,"column":171}},"locations":[{"start":{"line":41,"column":144},"end":{"line":41,"column":171}}]},"12":{"type":"branch","line":41,"loc":{"start":{"line":41,"column":181},"end":{"line":41,"column":211}},"locations":[{"start":{"line":41,"column":181},"end":{"line":41,"column":211}}]}},"b":{"0":[16],"1":[9],"2":[7],"3":[13],"4":[3],"5":[26],"6":[112],"7":[0],"8":[2],"9":[2],"10":[2],"11":[1],"12":[1]},"fnMap":{"0":{"name":"Navbar","decl":{"start":{"line":13,"column":15},"end":{"line":46,"column":1}},"loc":{"start":{"line":13,"column":15},"end":{"line":46,"column":1}},"line":13},"1":{"name":"onClick","decl":{"start":{"line":35,"column":89},"end":{"line":35,"column":115}},"loc":{"start":{"line":35,"column":89},"end":{"line":35,"column":115}},"line":35},"2":{"name":"onClose","decl":{"start":{"line":40,"column":45},"end":{"line":40,"column":72}},"loc":{"start":{"line":40,"column":45},"end":{"line":40,"column":72}},"line":40},"3":{"name":"onSuccess","decl":{"start":{"line":41,"column":53},"end":{"line":41,"column":80}},"loc":{"start":{"line":41,"column":53},"end":{"line":41,"column":80}},"line":41},"4":{"name":"onChange","decl":{"start":{"line":41,"column":90},"end":{"line":41,"column":120}},"loc":{"start":{"line":41,"column":90},"end":{"line":41,"column":120}},"line":41},"5":{"name":"onSuccess","decl":{"start":{"line":41,"column":144},"end":{"line":41,"column":171}},"loc":{"start":{"line":41,"column":144},"end":{"line":41,"column":171}},"line":41},"6":{"name":"onChange","decl":{"start":{"line":41,"column":181},"end":{"line":41,"column":211}},"loc":{"start":{"line":41,"column":181},"end":{"line":41,"column":211}},"line":41}},"f":{"0":16,"1":2,"2":0,"3":2,"4":2,"5":1,"6":1}}
,"/Users/uzmacbook/Documents/Frontend/udev-blogs/src/components/SideBar.tsx": {"path":"/Users/uzmacbook/Documents/Frontend/udev-blogs/src/components/SideBar.tsx","all":false,"statementMap":{"1":{"start":{"line":2,"column":0},"end":{"line":2,"column":82}},"2":{"start":{"line":3,"column":0},"end":{"line":3,"column":47}},"3":{"start":{"line":4,"column":0},"end":{"line":4,"column":32}},"4":{"start":{"line":5,"column":0},"end":{"line":5,"column":46}},"5":{"start":{"line":6,"column":0},"end":{"line":6,"column":35}},"7":{"start":{"line":8,"column":0},"end":{"line":8,"column":23}},"8":{"start":{"line":9,"column":0},"end":{"line":9,"column":41}},"9":{"start":{"line":10,"column":0},"end":{"line":10,"column":41}},"11":{"start":{"line":12,"column":0},"end":{"line":12,"column":10}},"12":{"start":{"line":13,"column":0},"end":{"line":13,"column":87}},"13":{"start":{"line":14,"column":0},"end":{"line":14,"column":30}},"14":{"start":{"line":15,"column":0},"end":{"line":15,"column":138}},"15":{"start":{"line":16,"column":0},"end":{"line":16,"column":30}},"16":{"start":{"line":17,"column":0},"end":{"line":17,"column":17}},"17":{"start":{"line":18,"column":0},"end":{"line":18,"column":23}},"18":{"start":{"line":19,"column":0},"end":{"line":19,"column":14}},"19":{"start":{"line":20,"column":0},"end":{"line":20,"column":27}},"20":{"start":{"line":21,"column":0},"end":{"line":21,"column":43}},"21":{"start":{"line":22,"column":0},"end":{"line":22,"column":26}},"22":{"start":{"line":23,"column":0},"end":{"line":23,"column":27}},"23":{"start":{"line":24,"column":0},"end":{"line":24,"column":43}},"24":{"start":{"line":25,"column":0},"end":{"line":25,"column":28}},"25":{"start":{"line":26,"column":0},"end":{"line":26,"column":25}},"26":{"start":{"line":27,"column":0},"end":{"line":27,"column":79}},"27":{"start":{"line":28,"column":0},"end":{"line":28,"column":36}},"28":{"start":{"line":29,"column":0},"end":{"line":29,"column":293}},"29":{"start":{"line":30,"column":0},"end":{"line":30,"column":19}},"30":{"start":{"line":31,"column":0},"end":{"line":31,"column":21}},"31":{"start":{"line":32,"column":0},"end":{"line":32,"column":26}},"32":{"start":{"line":33,"column":0},"end":{"line":33,"column":41}},"33":{"start":{"line":34,"column":0},"end":{"line":34,"column":39}},"34":{"start":{"line":35,"column":0},"end":{"line":35,"column":34}},"35":{"start":{"line":36,"column":0},"end":{"line":36,"column":27}},"36":{"start":{"line":37,"column":0},"end":{"line":37,"column":28}},"37":{"start":{"line":38,"column":0},"end":{"line":38,"column":15}},"38":{"start":{"line":39,"column":0},"end":{"line":39,"column":18}},"40":{"start":{"line":41,"column":0},"end":{"line":41,"column":1}},"41":{"start":{"line":42,"column":0},"end":{"line":42,"column":22}}},"s":{"1":1,"2":1,"3":1,"4":1,"5":1,"7":1,"8":16,"9":16,"11":16,"12":16,"13":16,"14":16,"15":16,"16":16,"17":16,"18":16,"19":16,"20":16,"21":16,"22":16,"23":16,"24":16,"25":16,"26":16,"27":16,"28":112,"29":16,"30":16,"31":16,"32":16,"33":16,"34":16,"35":16,"36":16,"37":16,"38":16,"40":16,"41":1},"branchMap":{"0":{"type":"branch","line":8,"loc":{"start":{"line":8,"column":16},"end":{"line":41,"column":1}},"locations":[{"start":{"line":8,"column":16},"end":{"line":41,"column":1}}]},"1":{"type":"branch","line":28,"loc":{"start":{"line":28,"column":26},"end":{"line":29,"column":293}},"locations":[{"start":{"line":28,"column":26},"end":{"line":29,"column":293}}]},"2":{"type":"branch","line":29,"loc":{"start":{"line":29,"column":245},"end":{"line":29,"column":263}},"locations":[{"start":{"line":29,"column":245},"end":{"line":29,"column":263}}]}},"b":{"0":[16],"1":[112],"2":[0]},"fnMap":{"0":{"name":"SideBar","decl":{"start":{"line":8,"column":16},"end":{"line":41,"column":1}},"loc":{"start":{"line":8,"column":16},"end":{"line":41,"column":1}},"line":8},"1":{"name":"onOpenChange","decl":{"start":{"line":13,"column":63},"end":{"line":13,"column":87}},"loc":{"start":{"line":13,"column":63},"end":{"line":13,"column":87}},"line":13}},"f":{"0":16,"1":0}}
,"/Users/uzmacbook/Documents/Frontend/udev-blogs/src/components/SignIn.tsx": {"path":"/Users/uzmacbook/Documents/Frontend/udev-blogs/src/components/SignIn.tsx","all":false,"statementMap":{"0":{"start":{"line":1,"column":0},"end":{"line":1,"column":8}},"10":{"start":{"line":11,"column":0},"end":{"line":11,"column":33}},"11":{"start":{"line":12,"column":0},"end":{"line":12,"column":41}},"12":{"start":{"line":13,"column":0},"end":{"line":13,"column":52}},"13":{"start":{"line":14,"column":0},"end":{"line":14,"column":45}},"14":{"start":{"line":15,"column":0},"end":{"line":15,"column":51}},"16":{"start":{"line":17,"column":0},"end":{"line":17,"column":94}},"17":{"start":{"line":18,"column":0},"end":{"line":18,"column":84}},"18":{"start":{"line":19,"column":0},"end":{"line":19,"column":20}},"19":{"start":{"line":20,"column":0},"end":{"line":20,"column":21}},"20":{"start":{"line":21,"column":0},"end":{"line":21,"column":18}},"21":{"start":{"line":22,"column":0},"end":{"line":22,"column":5}},"22":{"start":{"line":23,"column":0},"end":{"line":23,"column":4}},"24":{"start":{"line":25,"column":0},"end":{"line":25,"column":96}},"25":{"start":{"line":26,"column":0},"end":{"line":26,"column":35}},"26":{"start":{"line":27,"column":0},"end":{"line":27,"column":16}},"27":{"start":{"line":28,"column":0},"end":{"line":28,"column":3}},"28":{"start":{"line":29,"column":0},"end":{"line":29,"column":19}},"29":{"start":{"line":30,"column":0},"end":{"line":30,"column":20}},"30":{"start":{"line":31,"column":0},"end":{"line":31,"column":17}},"31":{"start":{"line":32,"column":0},"end":{"line":32,"column":13}},"32":{"start":{"line":33,"column":0},"end":{"line":33,"column":5}},"33":{"start":{"line":34,"column":0},"end":{"line":34,"column":22}},"34":{"start":{"line":35,"column":0},"end":{"line":35,"column":24}},"36":{"start":{"line":37,"column":0},"end":{"line":37,"column":38}},"38":{"start":{"line":39,"column":0},"end":{"line":39,"column":10}},"39":{"start":{"line":40,"column":0},"end":{"line":40,"column":6}},"40":{"start":{"line":41,"column":0},"end":{"line":41,"column":46}},"41":{"start":{"line":42,"column":0},"end":{"line":42,"column":42}},"42":{"start":{"line":43,"column":0},"end":{"line":43,"column":17}},"43":{"start":{"line":44,"column":0},"end":{"line":44,"column":83}},"44":{"start":{"line":45,"column":0},"end":{"line":45,"column":18}},"45":{"start":{"line":46,"column":0},"end":{"line":46,"column":28}},"46":{"start":{"line":47,"column":0},"end":{"line":47,"column":24}},"47":{"start":{"line":48,"column":0},"end":{"line":48,"column":46}},"48":{"start":{"line":49,"column":0},"end":{"line":49,"column":154}},"49":{"start":{"line":50,"column":0},"end":{"line":50,"column":89}},"50":{"start":{"line":51,"column":0},"end":{"line":51,"column":25}},"51":{"start":{"line":52,"column":0},"end":{"line":52,"column":24}},"52":{"start":{"line":53,"column":0},"end":{"line":53,"column":47}},"53":{"start":{"line":54,"column":0},"end":{"line":54,"column":142}},"54":{"start":{"line":55,"column":0},"end":{"line":55,"column":85}},"55":{"start":{"line":56,"column":0},"end":{"line":56,"column":25}},"56":{"start":{"line":57,"column":0},"end":{"line":57,"column":29}},"57":{"start":{"line":58,"column":0},"end":{"line":58,"column":200}},"59":{"start":{"line":60,"column":0},"end":{"line":60,"column":19}},"60":{"start":{"line":61,"column":0},"end":{"line":61,"column":77}},"61":{"start":{"line":62,"column":0},"end":{"line":62,"column":24}},"62":{"start":{"line":63,"column":0},"end":{"line":63,"column":13}},"63":{"start":{"line":64,"column":0},"end":{"line":64,"column":76}},"64":{"start":{"line":65,"column":0},"end":{"line":65,"column":131}},"65":{"start":{"line":66,"column":0},"end":{"line":66,"column":12}},"66":{"start":{"line":67,"column":0},"end":{"line":67,"column":7}},"68":{"start":{"line":69,"column":0},"end":{"line":69,"column":1}},"69":{"start":{"line":70,"column":0},"end":{"line":70,"column":21}}},"s":{"0":1,"10":1,"11":1,"12":1,"13":1,"14":1,"16":1,"17":149,"18":149,"19":149,"20":149,"21":149,"22":149,"24":149,"25":149,"26":4,"27":4,"28":149,"29":15,"30":3,"31":3,"32":3,"33":15,"34":149,"36":149,"38":149,"39":149,"40":149,"41":149,"42":149,"43":149,"44":149,"45":149,"46":149,"47":149,"48":149,"49":149,"50":149,"51":149,"52":149,"53":149,"54":149,"55":149,"56":149,"57":149,"59":149,"60":149,"61":149,"62":149,"63":149,"64":149,"65":149,"66":149,"68":149,"69":1},"branchMap":{"0":{"type":"branch","line":17,"loc":{"start":{"line":17,"column":15},"end":{"line":69,"column":1}},"locations":[{"start":{"line":17,"column":15},"end":{"line":69,"column":1}}]},"1":{"type":"branch","line":50,"loc":{"start":{"line":50,"column":22},"end":{"line":50,"column":89}},"locations":[{"start":{"line":50,"column":22},"end":{"line":50,"column":89}}]},"2":{"type":"branch","line":55,"loc":{"start":{"line":55,"column":22},"end":{"line":55,"column":85}},"locations":[{"start":{"line":55,"column":22},"end":{"line":55,"column":85}}]},"3":{"type":"branch","line":58,"loc":{"start":{"line":58,"column":67},"end":{"line":58,"column":92}},"locations":[{"start":{"line":58,"column":67},"end":{"line":58,"column":92}}]},"4":{"type":"branch","line":58,"loc":{"start":{"line":58,"column":88},"end":{"line":58,"column":100}},"locations":[{"start":{"line":58,"column":88},"end":{"line":58,"column":100}}]},"5":{"type":"branch","line":58,"loc":{"start":{"line":58,"column":92},"end":{"line":58,"column":106}},"locations":[{"start":{"line":58,"column":92},"end":{"line":58,"column":106}}]},"6":{"type":"branch","line":61,"loc":{"start":{"line":61,"column":13},"end":{"line":61,"column":77}},"locations":[{"start":{"line":61,"column":13},"end":{"line":61,"column":77}}]},"7":{"type":"branch","line":26,"loc":{"start":{"line":26,"column":19},"end":{"line":28,"column":3}},"locations":[{"start":{"line":26,"column":19},"end":{"line":28,"column":3}}]},"8":{"type":"branch","line":29,"loc":{"start":{"line":29,"column":12},"end":{"line":35,"column":5}},"locations":[{"start":{"line":29,"column":12},"end":{"line":35,"column":5}}]},"9":{"type":"branch","line":30,"loc":{"start":{"line":30,"column":19},"end":{"line":33,"column":5}},"locations":[{"start":{"line":30,"column":19},"end":{"line":33,"column":5}}]}},"b":{"0":[149],"1":[0],"2":[0],"3":[122],"4":[52],"5":[97],"6":[2],"7":[4],"8":[15],"9":[3]},"fnMap":{"0":{"name":"SignIn","decl":{"start":{"line":17,"column":15},"end":{"line":69,"column":1}},"loc":{"start":{"line":17,"column":15},"end":{"line":69,"column":1}},"line":17},"1":{"name":"onSubmit","decl":{"start":{"line":26,"column":19},"end":{"line":28,"column":3}},"loc":{"start":{"line":26,"column":19},"end":{"line":28,"column":3}},"line":26}},"f":{"0":149,"1":4}}
,"/Users/uzmacbook/Documents/Frontend/udev-blogs/src/components/SignUp.tsx": {"path":"/Users/uzmacbook/Documents/Frontend/udev-blogs/src/components/SignUp.tsx","all":false,"statementMap":{"0":{"start":{"line":1,"column":0},"end":{"line":1,"column":8}},"10":{"start":{"line":11,"column":0},"end":{"line":11,"column":33}},"11":{"start":{"line":12,"column":0},"end":{"line":12,"column":41}},"12":{"start":{"line":13,"column":0},"end":{"line":13,"column":52}},"13":{"start":{"line":14,"column":0},"end":{"line":14,"column":45}},"14":{"start":{"line":15,"column":0},"end":{"line":15,"column":51}},"16":{"start":{"line":17,"column":0},"end":{"line":17,"column":94}},"17":{"start":{"line":18,"column":0},"end":{"line":18,"column":76}},"20":{"start":{"line":21,"column":0},"end":{"line":21,"column":105}},"22":{"start":{"line":23,"column":0},"end":{"line":23,"column":35}},"23":{"start":{"line":24,"column":0},"end":{"line":24,"column":16}},"24":{"start":{"line":25,"column":0},"end":{"line":25,"column":3}},"26":{"start":{"line":27,"column":0},"end":{"line":27,"column":19}},"27":{"start":{"line":28,"column":0},"end":{"line":28,"column":20}},"28":{"start":{"line":29,"column":0},"end":{"line":29,"column":17}},"29":{"start":{"line":30,"column":0},"end":{"line":30,"column":13}},"30":{"start":{"line":31,"column":0},"end":{"line":31,"column":5}},"31":{"start":{"line":32,"column":0},"end":{"line":32,"column":17}},"33":{"start":{"line":34,"column":0},"end":{"line":34,"column":38}},"35":{"start":{"line":36,"column":0},"end":{"line":36,"column":10}},"36":{"start":{"line":37,"column":0},"end":{"line":37,"column":6}},"37":{"start":{"line":38,"column":0},"end":{"line":38,"column":46}},"38":{"start":{"line":39,"column":0},"end":{"line":39,"column":79}},"39":{"start":{"line":40,"column":0},"end":{"line":40,"column":17}},"40":{"start":{"line":41,"column":0},"end":{"line":41,"column":82}},"41":{"start":{"line":42,"column":0},"end":{"line":42,"column":18}},"42":{"start":{"line":43,"column":0},"end":{"line":43,"column":43}},"43":{"start":{"line":44,"column":0},"end":{"line":44,"column":24}},"44":{"start":{"line":45,"column":0},"end":{"line":45,"column":44}},"45":{"start":{"line":46,"column":0},"end":{"line":46,"column":115}},"46":{"start":{"line":47,"column":0},"end":{"line":47,"column":106}},"47":{"start":{"line":48,"column":0},"end":{"line":48,"column":25}},"48":{"start":{"line":49,"column":0},"end":{"line":49,"column":24}},"49":{"start":{"line":50,"column":0},"end":{"line":50,"column":46}},"50":{"start":{"line":51,"column":0},"end":{"line":51,"column":121}},"51":{"start":{"line":52,"column":0},"end":{"line":52,"column":100}},"52":{"start":{"line":53,"column":0},"end":{"line":53,"column":25}},"53":{"start":{"line":54,"column":0},"end":{"line":54,"column":24}},"54":{"start":{"line":55,"column":0},"end":{"line":55,"column":47}},"55":{"start":{"line":56,"column":0},"end":{"line":56,"column":150}},"56":{"start":{"line":57,"column":0},"end":{"line":57,"column":106}},"57":{"start":{"line":58,"column":0},"end":{"line":58,"column":25}},"58":{"start":{"line":59,"column":0},"end":{"line":59,"column":29}},"59":{"start":{"line":60,"column":0},"end":{"line":60,"column":126}},"61":{"start":{"line":62,"column":0},"end":{"line":62,"column":19}},"62":{"start":{"line":63,"column":0},"end":{"line":63,"column":80}},"64":{"start":{"line":65,"column":0},"end":{"line":65,"column":24}},"65":{"start":{"line":66,"column":0},"end":{"line":66,"column":13}},"66":{"start":{"line":67,"column":0},"end":{"line":67,"column":76}},"67":{"start":{"line":68,"column":0},"end":{"line":68,"column":62}},"68":{"start":{"line":69,"column":0},"end":{"line":69,"column":64}},"69":{"start":{"line":70,"column":0},"end":{"line":70,"column":12}},"70":{"start":{"line":71,"column":0},"end":{"line":71,"column":7}},"72":{"start":{"line":73,"column":0},"end":{"line":73,"column":1}},"73":{"start":{"line":74,"column":0},"end":{"line":74,"column":21}}},"s":{"0":1,"10":1,"11":1,"12":1,"13":1,"14":1,"16":1,"17":25,"20":25,"22":25,"23":3,"24":3,"26":25,"27":6,"28":2,"29":2,"30":2,"31":25,"33":25,"35":25,"36":25,"37":25,"38":25,"39":25,"40":25,"41":25,"42":25,"43":25,"44":25,"45":25,"46":25,"47":25,"48":25,"49":25,"50":25,"51":25,"52":25,"53":25,"54":25,"55":25,"56":25,"57":25,"58":25,"59":25,"61":25,"62":25,"64":25,"65":25,"66":25,"67":25,"68":25,"69":25,"70":25,"72":25,"73":1},"branchMap":{"0":{"type":"branch","line":17,"loc":{"start":{"line":17,"column":15},"end":{"line":73,"column":1}},"locations":[{"start":{"line":17,"column":15},"end":{"line":73,"column":1}}]},"1":{"type":"branch","line":47,"loc":{"start":{"line":47,"column":22},"end":{"line":47,"column":106}},"locations":[{"start":{"line":47,"column":22},"end":{"line":47,"column":106}}]},"2":{"type":"branch","line":52,"loc":{"start":{"line":52,"column":22},"end":{"line":52,"column":100}},"locations":[{"start":{"line":52,"column":22},"end":{"line":52,"column":100}}]},"3":{"type":"branch","line":57,"loc":{"start":{"line":57,"column":22},"end":{"line":57,"column":106}},"locations":[{"start":{"line":57,"column":22},"end":{"line":57,"column":106}}]},"4":{"type":"branch","line":63,"loc":{"start":{"line":63,"column":13},"end":{"line":63,"column":80}},"locations":[{"start":{"line":63,"column":13},"end":{"line":63,"column":80}}]},"5":{"type":"branch","line":23,"loc":{"start":{"line":23,"column":19},"end":{"line":25,"column":3}},"locations":[{"start":{"line":23,"column":19},"end":{"line":25,"column":3}}]},"6":{"type":"branch","line":27,"loc":{"start":{"line":27,"column":12},"end":{"line":32,"column":5}},"locations":[{"start":{"line":27,"column":12},"end":{"line":32,"column":5}}]},"7":{"type":"branch","line":28,"loc":{"start":{"line":28,"column":19},"end":{"line":31,"column":5}},"locations":[{"start":{"line":28,"column":19},"end":{"line":31,"column":5}}]}},"b":{"0":[25],"1":[2],"2":[5],"3":[8],"4":[2],"5":[3],"6":[6],"7":[2]},"fnMap":{"0":{"name":"SignUp","decl":{"start":{"line":17,"column":15},"end":{"line":73,"column":1}},"loc":{"start":{"line":17,"column":15},"end":{"line":73,"column":1}},"line":17},"1":{"name":"onSubmit","decl":{"start":{"line":23,"column":19},"end":{"line":25,"column":3}},"loc":{"start":{"line":23,"column":19},"end":{"line":25,"column":3}},"line":23}},"f":{"0":25,"1":3}}
,"/Users/uzmacbook/Documents/Frontend/udev-blogs/src/components/UpdateBlog.tsx": {"path":"/Users/uzmacbook/Documents/Frontend/udev-blogs/src/components/UpdateBlog.tsx","all":false,"statementMap":{"0":{"start":{"line":1,"column":0},"end":{"line":1,"column":107}},"1":{"start":{"line":2,"column":0},"end":{"line":2,"column":37}},"2":{"start":{"line":3,"column":0},"end":{"line":3,"column":56}},"3":{"start":{"line":4,"column":0},"end":{"line":4,"column":44}},"4":{"start":{"line":5,"column":0},"end":{"line":5,"column":53}},"5":{"start":{"line":6,"column":0},"end":{"line":6,"column":43}},"6":{"start":{"line":7,"column":0},"end":{"line":7,"column":51}},"8":{"start":{"line":9,"column":0},"end":{"line":9,"column":20}},"10":{"start":{"line":11,"column":0},"end":{"line":11,"column":31}},"11":{"start":{"line":12,"column":0},"end":{"line":12,"column":54}},"12":{"start":{"line":13,"column":0},"end":{"line":13,"column":60}},"13":{"start":{"line":14,"column":0},"end":{"line":14,"column":39}},"14":{"start":{"line":15,"column":0},"end":{"line":15,"column":2}},"17":{"start":{"line":18,"column":0},"end":{"line":18,"column":52}},"18":{"start":{"line":19,"column":0},"end":{"line":19,"column":108}},"19":{"start":{"line":20,"column":0},"end":{"line":20,"column":20}},"20":{"start":{"line":21,"column":0},"end":{"line":21,"column":31}},"21":{"start":{"line":22,"column":0},"end":{"line":22,"column":43}},"22":{"start":{"line":23,"column":0},"end":{"line":23,"column":22}},"23":{"start":{"line":24,"column":0},"end":{"line":24,"column":5}},"24":{"start":{"line":25,"column":0},"end":{"line":25,"column":4}},"25":{"start":{"line":26,"column":0},"end":{"line":26,"column":41}},"26":{"start":{"line":27,"column":0},"end":{"line":27,"column":84}},"28":{"start":{"line":29,"column":0},"end":{"line":29,"column":66}},"30":{"start":{"line":31,"column":0},"end":{"line":31,"column":60}},"31":{"start":{"line":32,"column":0},"end":{"line":32,"column":33}},"32":{"start":{"line":33,"column":0},"end":{"line":33,"column":68}},"33":{"start":{"line":34,"column":0},"end":{"line":34,"column":92}},"34":{"start":{"line":35,"column":0},"end":{"line":35,"column":52}},"35":{"start":{"line":36,"column":0},"end":{"line":36,"column":55}},"36":{"start":{"line":37,"column":0},"end":{"line":37,"column":14}},"37":{"start":{"line":38,"column":0},"end":{"line":38,"column":24}},"38":{"start":{"line":39,"column":0},"end":{"line":39,"column":20}},"39":{"start":{"line":40,"column":0},"end":{"line":40,"column":25}},"40":{"start":{"line":41,"column":0},"end":{"line":41,"column":7}},"41":{"start":{"line":42,"column":0},"end":{"line":42,"column":3}},"42":{"start":{"line":43,"column":0},"end":{"line":43,"column":19}},"43":{"start":{"line":44,"column":0},"end":{"line":44,"column":20}},"44":{"start":{"line":45,"column":0},"end":{"line":45,"column":20}},"45":{"start":{"line":46,"column":0},"end":{"line":46,"column":5}},"46":{"start":{"line":47,"column":0},"end":{"line":47,"column":17}},"48":{"start":{"line":49,"column":0},"end":{"line":49,"column":10}},"49":{"start":{"line":50,"column":0},"end":{"line":50,"column":119}},"50":{"start":{"line":51,"column":0},"end":{"line":51,"column":30}},"51":{"start":{"line":52,"column":0},"end":{"line":52,"column":75}},"52":{"start":{"line":53,"column":0},"end":{"line":53,"column":29}},"53":{"start":{"line":54,"column":0},"end":{"line":54,"column":16}},"55":{"start":{"line":56,"column":0},"end":{"line":56,"column":17}},"56":{"start":{"line":57,"column":0},"end":{"line":57,"column":17}},"57":{"start":{"line":58,"column":0},"end":{"line":58,"column":23}},"58":{"start":{"line":59,"column":0},"end":{"line":59,"column":14}},"59":{"start":{"line":60,"column":0},"end":{"line":60,"column":27}},"60":{"start":{"line":61,"column":0},"end":{"line":61,"column":27}},"61":{"start":{"line":62,"column":0},"end":{"line":62,"column":61}},"62":{"start":{"line":63,"column":0},"end":{"line":63,"column":27}},"63":{"start":{"line":64,"column":0},"end":{"line":64,"column":64}},"64":{"start":{"line":65,"column":0},"end":{"line":65,"column":28}},"65":{"start":{"line":66,"column":0},"end":{"line":66,"column":43}},"66":{"start":{"line":67,"column":0},"end":{"line":67,"column":113}},"67":{"start":{"line":68,"column":0},"end":{"line":68,"column":32}},"68":{"start":{"line":69,"column":0},"end":{"line":69,"column":51}},"69":{"start":{"line":70,"column":0},"end":{"line":70,"column":151}},"70":{"start":{"line":71,"column":0},"end":{"line":71,"column":91}},"71":{"start":{"line":72,"column":0},"end":{"line":72,"column":22}},"72":{"start":{"line":73,"column":0},"end":{"line":73,"column":32}},"73":{"start":{"line":74,"column":0},"end":{"line":74,"column":51}},"74":{"start":{"line":75,"column":0},"end":{"line":75,"column":162}},"75":{"start":{"line":76,"column":0},"end":{"line":76,"column":49}},"76":{"start":{"line":77,"column":0},"end":{"line":77,"column":154}},"77":{"start":{"line":78,"column":0},"end":{"line":78,"column":45}},"78":{"start":{"line":79,"column":0},"end":{"line":79,"column":27}},"79":{"start":{"line":80,"column":0},"end":{"line":80,"column":26}},"80":{"start":{"line":81,"column":0},"end":{"line":81,"column":23}},"81":{"start":{"line":82,"column":0},"end":{"line":82,"column":116}},"82":{"start":{"line":83,"column":0},"end":{"line":83,"column":22}},"83":{"start":{"line":84,"column":0},"end":{"line":84,"column":52}},"84":{"start":{"line":85,"column":0},"end":{"line":85,"column":159}},"85":{"start":{"line":86,"column":0},"end":{"line":86,"column":74}},"86":{"start":{"line":87,"column":0},"end":{"line":87,"column":30}},"87":{"start":{"line":88,"column":0},"end":{"line":88,"column":153}},"88":{"start":{"line":89,"column":0},"end":{"line":89,"column":54}},"89":{"start":{"line":90,"column":0},"end":{"line":90,"column":136}},"90":{"start":{"line":91,"column":0},"end":{"line":91,"column":79}},"91":{"start":{"line":92,"column":0},"end":{"line":92,"column":63}},"92":{"start":{"line":93,"column":0},"end":{"line":93,"column":27}},"93":{"start":{"line":94,"column":0},"end":{"line":94,"column":50}},"94":{"start":{"line":95,"column":0},"end":{"line":95,"column":137}},"95":{"start":{"line":96,"column":0},"end":{"line":96,"column":55}},"96":{"start":{"line":97,"column":0},"end":{"line":97,"column":33}},"97":{"start":{"line":98,"column":0},"end":{"line":98,"column":43}},"98":{"start":{"line":99,"column":0},"end":{"line":99,"column":38}},"99":{"start":{"line":100,"column":0},"end":{"line":100,"column":23}},"100":{"start":{"line":101,"column":0},"end":{"line":101,"column":104}},"101":{"start":{"line":102,"column":0},"end":{"line":102,"column":23}},"102":{"start":{"line":103,"column":0},"end":{"line":103,"column":118}},"104":{"start":{"line":105,"column":0},"end":{"line":105,"column":25}},"105":{"start":{"line":106,"column":0},"end":{"line":106,"column":20}},"106":{"start":{"line":107,"column":0},"end":{"line":107,"column":26}},"107":{"start":{"line":108,"column":0},"end":{"line":108,"column":64}},"108":{"start":{"line":109,"column":0},"end":{"line":109,"column":96}},"109":{"start":{"line":110,"column":0},"end":{"line":110,"column":34}},"110":{"start":{"line":111,"column":0},"end":{"line":111,"column":27}},"111":{"start":{"line":112,"column":0},"end":{"line":112,"column":28}},"112":{"start":{"line":113,"column":0},"end":{"line":113,"column":15}},"113":{"start":{"line":114,"column":0},"end":{"line":114,"column":18}},"115":{"start":{"line":116,"column":0},"end":{"line":116,"column":1}},"117":{"start":{"line":118,"column":0},"end":{"line":118,"column":25}}},"s":{"0":1,"1":1,"2":1,"3":1,"4":1,"5":1,"6":1,"8":1,"10":1,"11":1,"12":1,"13":1,"14":1,"17":1,"18":18,"19":18,"20":18,"21":18,"22":18,"23":18,"24":18,"25":18,"26":18,"28":18,"30":18,"31":0,"32":0,"33":0,"34":0,"35":0,"36":0,"37":0,"38":0,"39":0,"40":0,"41":0,"42":18,"43":6,"44":0,"45":0,"46":18,"48":18,"49":18,"50":18,"51":18,"52":18,"53":18,"55":18,"56":18,"57":18,"58":18,"59":18,"60":18,"61":18,"62":18,"63":18,"64":18,"65":18,"66":18,"67":18,"68":18,"69":18,"70":18,"71":18,"72":18,"73":18,"74":18,"75":0,"76":0,"77":0,"78":0,"79":0,"80":18,"81":18,"82":18,"83":18,"84":18,"85":18,"86":18,"87":0,"88":0,"89":0,"90":0,"91":0,"92":0,"93":0,"94":0,"95":0,"96":0,"97":0,"98":0,"99":0,"100":0,"101":0,"102":18,"104":18,"105":18,"106":18,"107":18,"108":18,"109":18,"110":18,"111":18,"112":18,"113":18,"115":18,"117":1},"branchMap":{"0":{"type":"branch","line":18,"loc":{"start":{"line":18,"column":19},"end":{"line":116,"column":1}},"locations":[{"start":{"line":18,"column":19},"end":{"line":116,"column":1}}]},"1":{"type":"branch","line":21,"loc":{"start":{"line":21,"column":19},"end":{"line":21,"column":31}},"locations":[{"start":{"line":21,"column":19},"end":{"line":21,"column":31}}]},"2":{"type":"branch","line":22,"loc":{"start":{"line":22,"column":25},"end":{"line":22,"column":43}},"locations":[{"start":{"line":22,"column":25},"end":{"line":22,"column":43}}]},"3":{"type":"branch","line":27,"loc":{"start":{"line":27,"column":71},"end":{"line":27,"column":83}},"locations":[{"start":{"line":27,"column":71},"end":{"line":27,"column":83}}]},"4":{"type":"branch","line":70,"loc":{"start":{"line":70,"column":45},"end":{"line":70,"column":58}},"locations":[{"start":{"line":70,"column":45},"end":{"line":70,"column":58}}]},"5":{"type":"branch","line":71,"loc":{"start":{"line":71,"column":26},"end":{"line":71,"column":91}},"locations":[{"start":{"line":71,"column":26},"end":{"line":71,"column":91}}]},"6":{"type":"branch","line":82,"loc":{"start":{"line":82,"column":26},"end":{"line":82,"column":116}},"locations":[{"start":{"line":82,"column":26},"end":{"line":82,"column":116}}]},"7":{"type":"branch","line":87,"loc":{"start":{"line":87,"column":16},"end":{"line":102,"column":23}},"locations":[{"start":{"line":87,"column":16},"end":{"line":102,"column":23}}]},"8":{"type":"branch","line":43,"loc":{"start":{"line":43,"column":12},"end":{"line":47,"column":5}},"locations":[{"start":{"line":43,"column":12},"end":{"line"
[...]
"column":1}},"15":{"start":{"line":16,"column":0},"end":{"line":16,"column":31}},"16":{"start":{"line":17,"column":0},"end":{"line":17,"column":15}},"17":{"start":{"line":18,"column":0},"end":{"line":18,"column":15}},"18":{"start":{"line":19,"column":0},"end":{"line":19,"column":13}},"19":{"start":{"line":20,"column":0},"end":{"line":20,"column":59}},"20":{"start":{"line":21,"column":0},"end":{"line":21,"column":33}},"21":{"start":{"line":22,"column":0},"end":{"line":22,"column":26}},"22":{"start":{"line":23,"column":0},"end":{"line":23,"column":6}},"23":{"start":{"line":24,"column":0},"end":{"line":24,"column":27}},"24":{"start":{"line":25,"column":0},"end":{"line":25,"column":23}},"25":{"start":{"line":26,"column":0},"end":{"line":26,"column":27}},"26":{"start":{"line":27,"column":0},"end":{"line":27,"column":38}},"27":{"start":{"line":28,"column":0},"end":{"line":28,"column":6}},"28":{"start":{"line":29,"column":0},"end":{"line":29,"column":64}},"29":{"start":{"line":30,"column":0},"end":{"line":30,"column":34}},"30":{"start":{"line":31,"column":0},"end":{"line":31,"column":5}},"31":{"start":{"line":32,"column":0},"end":{"line":32,"column":3}},"32":{"start":{"line":33,"column":0},"end":{"line":33,"column":2}},"34":{"start":{"line":35,"column":0},"end":{"line":35,"column":65}},"35":{"start":{"line":36,"column":0},"end":{"line":36,"column":32}}},"s":{"0":1,"9":1,"10":1,"11":1,"12":1,"13":1,"15":1,"16":1,"17":1,"18":1,"19":1,"20":5,"21":5,"22":5,"23":1,"24":0,"25":0,"26":0,"27":0,"28":1,"29":0,"30":0,"31":1,"32":1,"34":1,"35":1},"branchMap":{"0":{"type":"branch","line":20,"loc":{"start":{"line":20,"column":13},"end":{"line":23,"column":6}},"locations":[{"start":{"line":20,"column":13},"end":{"line":23,"column":6}}]}},"b":{"0":[5]},"fnMap":{"0":{"name":"setUser","decl":{"start":{"line":20,"column":13},"end":{"line":23,"column":6}},"loc":{"start":{"line":20,"column":13},"end":{"line":23,"column":6}},"line":20},"1":{"name":"setLogout","decl":{"start":{"line":24,"column":15},"end":{"line":28,"column":6}},"loc":{"start":{"line":24,"column":15},"end":{"line":28,"column":6}},"line":24},"2":{"name":"setError","decl":{"start":{"line":29,"column":14},"end":{"line":31,"column":5}},"loc":{"start":{"line":29,"column":14},"end":{"line":31,"column":5}},"line":29}},"f":{"0":5,"1":0,"2":0}}
,"/Users/uzmacbook/Documents/Frontend/udev-blogs/src/tests/mocks/handlers.ts": {"path":"/Users/uzmacbook/Documents/Frontend/udev-blogs/src/tests/mocks/handlers.ts","all":false,"statementMap":{"0":{"start":{"line":1,"column":0},"end":{"line":1,"column":40}},"1":{"start":{"line":2,"column":0},"end":{"line":2,"column":44}},"3":{"start":{"line":4,"column":0},"end":{"line":4,"column":25}},"4":{"start":{"line":5,"column":0},"end":{"line":5,"column":34}},"5":{"start":{"line":6,"column":0},"end":{"line":6,"column":30}},"6":{"start":{"line":7,"column":0},"end":{"line":7,"column":151}},"7":{"start":{"line":8,"column":0},"end":{"line":8,"column":13}},"8":{"start":{"line":9,"column":0},"end":{"line":9,"column":14}},"9":{"start":{"line":10,"column":0},"end":{"line":10,"column":47}},"10":{"start":{"line":11,"column":0},"end":{"line":11,"column":29}},"11":{"start":{"line":12,"column":0},"end":{"line":12,"column":37}},"12":{"start":{"line":13,"column":0},"end":{"line":13,"column":26}},"13":{"start":{"line":14,"column":0},"end":{"line":14,"column":24}},"14":{"start":{"line":15,"column":0},"end":{"line":15,"column":23}},"15":{"start":{"line":16,"column":0},"end":{"line":16,"column":46}},"16":{"start":{"line":17,"column":0},"end":{"line":17,"column":46}},"17":{"start":{"line":18,"column":0},"end":{"line":18,"column":48}},"18":{"start":{"line":19,"column":0},"end":{"line":19,"column":8}},"19":{"start":{"line":20,"column":0},"end":{"line":20,"column":6}},"20":{"start":{"line":21,"column":0},"end":{"line":21,"column":5}},"22":{"start":{"line":23,"column":0},"end":{"line":23,"column":43}},"23":{"start":{"line":24,"column":0},"end":{"line":24,"column":30}},"24":{"start":{"line":25,"column":0},"end":{"line":25,"column":151}},"25":{"start":{"line":26,"column":0},"end":{"line":26,"column":13}},"26":{"start":{"line":27,"column":0},"end":{"line":27,"column":14}},"27":{"start":{"line":28,"column":0},"end":{"line":28,"column":47}},"28":{"start":{"line":29,"column":0},"end":{"line":29,"column":28}},"29":{"start":{"line":30,"column":0},"end":{"line":30,"column":39}},"30":{"start":{"line":31,"column":0},"end":{"line":31,"column":26}},"31":{"start":{"line":32,"column":0},"end":{"line":32,"column":24}},"32":{"start":{"line":33,"column":0},"end":{"line":33,"column":23}},"33":{"start":{"line":34,"column":0},"end":{"line":34,"column":46}},"34":{"start":{"line":35,"column":0},"end":{"line":35,"column":46}},"35":{"start":{"line":36,"column":0},"end":{"line":36,"column":48}},"36":{"start":{"line":37,"column":0},"end":{"line":37,"column":8}},"37":{"start":{"line":38,"column":0},"end":{"line":38,"column":6}},"38":{"start":{"line":39,"column":0},"end":{"line":39,"column":5}},"39":{"start":{"line":40,"column":0},"end":{"line":40,"column":30}},"40":{"start":{"line":41,"column":0},"end":{"line":41,"column":30}},"41":{"start":{"line":42,"column":0},"end":{"line":42,"column":7}},"42":{"start":{"line":43,"column":0},"end":{"line":43,"column":15}},"43":{"start":{"line":44,"column":0},"end":{"line":44,"column":47}},"44":{"start":{"line":45,"column":0},"end":{"line":45,"column":40}},"45":{"start":{"line":46,"column":0},"end":{"line":46,"column":30}},"46":{"start":{"line":47,"column":0},"end":{"line":47,"column":22}},"47":{"start":{"line":48,"column":0},"end":{"line":48,"column":19}},"48":{"start":{"line":49,"column":0},"end":{"line":49,"column":21}},"49":{"start":{"line":50,"column":0},"end":{"line":50,"column":18}},"50":{"start":{"line":51,"column":0},"end":{"line":51,"column":18}},"51":{"start":{"line":52,"column":0},"end":{"line":52,"column":24}},"52":{"start":{"line":53,"column":0},"end":{"line":53,"column":112}},"53":{"start":{"line":54,"column":0},"end":{"line":54,"column":57}},"54":{"start":{"line":55,"column":0},"end":{"line":55,"column":31}},"55":{"start":{"line":56,"column":0},"end":{"line":56,"column":50}},"56":{"start":{"line":57,"column":0},"end":{"line":57,"column":23}},"57":{"start":{"line":58,"column":0},"end":{"line":58,"column":24}},"58":{"start":{"line":59,"column":0},"end":{"line":59,"column":23}},"59":{"start":{"line":60,"column":0},"end":{"line":60,"column":25}},"60":{"start":{"line":61,"column":0},"end":{"line":61,"column":31}},"61":{"start":{"line":62,"column":0},"end":{"line":62,"column":12}},"62":{"start":{"line":63,"column":0},"end":{"line":63,"column":18}},"63":{"start":{"line":64,"column":0},"end":{"line":64,"column":24}},"64":{"start":{"line":65,"column":0},"end":{"line":65,"column":112}},"65":{"start":{"line":66,"column":0},"end":{"line":66,"column":57}},"66":{"start":{"line":67,"column":0},"end":{"line":67,"column":31}},"67":{"start":{"line":68,"column":0},"end":{"line":68,"column":50}},"68":{"start":{"line":69,"column":0},"end":{"line":69,"column":23}},"69":{"start":{"line":70,"column":0},"end":{"line":70,"column":23}},"70":{"start":{"line":71,"column":0},"end":{"line":71,"column":23}},"71":{"start":{"line":72,"column":0},"end":{"line":72,"column":24}},"72":{"start":{"line":73,"column":0},"end":{"line":73,"column":30}},"73":{"start":{"line":74,"column":0},"end":{"line":74,"column":12}},"74":{"start":{"line":75,"column":0},"end":{"line":75,"column":19}},"75":{"start":{"line":76,"column":0},"end":{"line":76,"column":24}},"76":{"start":{"line":77,"column":0},"end":{"line":77,"column":113}},"77":{"start":{"line":78,"column":0},"end":{"line":78,"column":58}},"78":{"start":{"line":79,"column":0},"end":{"line":79,"column":31}},"79":{"start":{"line":80,"column":0},"end":{"line":80,"column":51}},"80":{"start":{"line":81,"column":0},"end":{"line":81,"column":23}},"81":{"start":{"line":82,"column":0},"end":{"line":82,"column":24}},"82":{"start":{"line":83,"column":0},"end":{"line":83,"column":23}},"83":{"start":{"line":84,"column":0},"end":{"line":84,"column":24}},"84":{"start":{"line":85,"column":0},"end":{"line":85,"column":31}},"85":{"start":{"line":86,"column":0},"end":{"line":86,"column":12}},"86":{"start":{"line":87,"column":0},"end":{"line":87,"column":22}},"87":{"start":{"line":88,"column":0},"end":{"line":88,"column":24}},"88":{"start":{"line":89,"column":0},"end":{"line":89,"column":116}},"89":{"start":{"line":90,"column":0},"end":{"line":90,"column":61}},"90":{"start":{"line":91,"column":0},"end":{"line":91,"column":31}},"91":{"start":{"line":92,"column":0},"end":{"line":92,"column":54}},"92":{"start":{"line":93,"column":0},"end":{"line":93,"column":23}},"93":{"start":{"line":94,"column":0},"end":{"line":94,"column":23}},"94":{"start":{"line":95,"column":0},"end":{"line":95,"column":22}},"95":{"start":{"line":96,"column":0},"end":{"line":96,"column":24}},"96":{"start":{"line":97,"column":0},"end":{"line":97,"column":30}},"97":{"start":{"line":98,"column":0},"end":{"line":98,"column":12}},"98":{"start":{"line":99,"column":0},"end":{"line":99,"column":10}},"99":{"start":{"line":100,"column":0},"end":{"line":100,"column":47}},"100":{"start":{"line":101,"column":0},"end":{"line":101,"column":20}},"101":{"start":{"line":102,"column":0},"end":{"line":102,"column":27}},"102":{"start":{"line":103,"column":0},"end":{"line":103,"column":20}},"103":{"start":{"line":104,"column":0},"end":{"line":104,"column":102}},"104":{"start":{"line":105,"column":0},"end":{"line":105,"column":25}},"105":{"start":{"line":106,"column":0},"end":{"line":106,"column":56}},"106":{"start":{"line":107,"column":0},"end":{"line":107,"column":32}},"107":{"start":{"line":108,"column":0},"end":{"line":108,"column":46}},"108":{"start":{"line":109,"column":0},"end":{"line":109,"column":46}},"109":{"start":{"line":110,"column":0},"end":{"line":110,"column":48}},"110":{"start":{"line":111,"column":0},"end":{"line":111,"column":8}},"111":{"start":{"line":112,"column":0},"end":{"line":112,"column":6}},"112":{"start":{"line":113,"column":0},"end":{"line":113,"column":5}},"114":{"start":{"line":115,"column":0},"end":{"line":115,"column":29}},"115":{"start":{"line":116,"column":0},"end":{"line":116,"column":40}},"116":{"start":{"line":117,"column":0},"end":{"line":117,"column":5}},"118":{"start":{"line":119,"column":0},"end":{"line":119,"column":1}}},"s":{"0":1,"1":1,"3":1,"4":1,"5":3,"6":3,"7":3,"8":3,"9":3,"10":3,"11":3,"12":3,"13":3,"14":3,"15":3,"16":3,"17":3,"18":3,"19":3,"20":1,"22":1,"23":2,"24":2,"25":2,"26":2,"27":2,"28":2,"29":2,"30":2,"31":2,"32":2,"33":2,"34":2,"35":2,"36":2,"37":2,"38":1,"39":1,"40":1,"41":1,"42":1,"43":1,"44":1,"45":1,"46":1,"47":1,"48":1,"49":1,"50":1,"51":1,"52":1,"53":1,"54":1,"55":1,"56":1,"57":1,"58":1,"59":1,"60":1,"61":1,"62":1,"63":1,"64":1,"65":1,"66":1,"67":1,"68":1,"69":1,"70":1,"71":1,"72":1,"73":1,"74":1,"75":1,"76":1,"77":1,"78":1,"79":1,"80":1,"81":1,"82":1,"83":1,"84":1,"85":1,"86":1,"87":1,"88":1,"89":1,"90":1,"91":1,"92":1,"93":1,"94":1,"95":1,"96":1,"97":1,"98":1,"99":1,"100":1,"101":1,"102":1,"103":1,"104":1,"105":1,"106":1,"107":1,"108":1,"109":1,"110":1,"111":1,"112":1,"114":1,"115":0,"116":1,"118":1},"branchMap":{"0":{"type":"branch","line":5,"loc":{"start":{"line":5,"column":27},"end":{"line":21,"column":3}},"locations":[{"start":{"line":5,"column":27},"end":{"line":21,"column":3}}]},"1":{"type":"branch","line":23,"loc":{"start":{"line":23,"column":36},"end":{"line":39,"column":3}},"locations":[{"start":{"line":23,"column":36},"end":{"line":39,"column":3}}]},"2":{"type":"branch","line":40,"loc":{"start":{"line":40,"column":23},"end":{"line":113,"column":3}},"locations":[{"start":{"line":40,"column":23},"end":{"line":113,"column":3}}]}},"b":{"0":[3],"1":[2],"2":[1]},"fnMap":{},"f":{}}
,"/Users/uzmacbook/Documents/Frontend/udev-blogs/src/tests/mocks/server.ts": {"path":"/Users/uzmacbook/Documents/Frontend/udev-blogs/src/tests/mocks/server.ts","all":false,"statementMap":{"0":{"start":{"line":1,"column":0},"end":{"line":1,"column":38}},"1":{"start":{"line":2,"column":0},"end":{"line":2,"column":40}},"3":{"start":{"line":4,"column":0},"end":{"line":4,"column":46}}},"s":{"0":1,"1":1,"3":1},"branchMap":{},"b":{},"fnMap":{},"f":{}}
,"/Users/uzmacbook/Documents/Frontend/udev-blogs/src/tests/utils/test-utils.tsx": {"path":"/Users/uzmacbook/Documents/Frontend/udev-blogs/src/tests/utils/test-utils.tsx","all":false,"statementMap":{"0":{"start":{"line":1,"column":0},"end":{"line":1,"column":49}},"1":{"start":{"line":2,"column":0},"end":{"line":2,"column":49}},"2":{"start":{"line":3,"column":0},"end":{"line":3,"column":72}},"3":{"start":{"line":4,"column":0},"end":{"line":4,"column":67}},"4":{"start":{"line":5,"column":0},"end":{"line":5,"column":53}},"5":{"start":{"line":6,"column":0},"end":{"line":6,"column":38}},"6":{"start":{"line":7,"column":0},"end":{"line":7,"column":62}},"7":{"start":{"line":8,"column":0},"end":{"line":8,"column":41}},"8":{"start":{"line":9,"column":0},"end":{"line":9,"column":51}},"9":{"start":{"line":10,"column":0},"end":{"line":10,"column":48}},"12":{"start":{"line":13,"column":0},"end":{"line":13,"column":35}},"13":{"start":{"line":14,"column":0},"end":{"line":14,"column":19}},"14":{"start":{"line":15,"column":0},"end":{"line":15,"column":21}},"15":{"start":{"line":16,"column":0},"end":{"line":16,"column":16}},"16":{"start":{"line":17,"column":0},"end":{"line":17,"column":21}},"17":{"start":{"line":18,"column":0},"end":{"line":18,"column":8}},"18":{"start":{"line":19,"column":0},"end":{"line":19,"column":6}},"19":{"start":{"line":20,"column":0},"end":{"line":20,"column":4}},"21":{"start":{"line":22,"column":0},"end":{"line":22,"column":30}},"22":{"start":{"line":23,"column":0},"end":{"line":23,"column":12}},"23":{"start":{"line":24,"column":0},"end":{"line":24,"column":22}},"24":{"start":{"line":25,"column":0},"end":{"line":25,"column":4}},"25":{"start":{"line":26,"column":0},"end":{"line":26,"column":19}},"26":{"start":{"line":27,"column":0},"end":{"line":27,"column":11}},"27":{"start":{"line":28,"column":0},"end":{"line":28,"column":13}},"28":{"start":{"line":29,"column":0},"end":{"line":29,"column":14}},"29":{"start":{"line":30,"column":0},"end":{"line":30,"column":47}},"30":{"start":{"line":31,"column":0},"end":{"line":31,"column":29}},"31":{"start":{"line":32,"column":0},"end":{"line":32,"column":37}},"32":{"start":{"line":33,"column":0},"end":{"line":33,"column":26}},"33":{"start":{"line":34,"column":0},"end":{"line":34,"column":24}},"34":{"start":{"line":35,"column":0},"end":{"line":35,"column":23}},"35":{"start":{"line":36,"column":0},"end":{"line":36,"column":46}},"36":{"start":{"line":37,"column":0},"end":{"line":37,"column":46}},"37":{"start":{"line":38,"column":0},"end":{"line":38,"column":48}},"38":{"start":{"line":39,"column":0},"end":{"line":39,"column":8}},"39":{"start":{"line":40,"column":0},"end":{"line":40,"column":20}},"40":{"start":{"line":41,"column":0},"end":{"line":41,"column":17}},"41":{"start":{"line":42,"column":0},"end":{"line":42,"column":5}},"42":{"start":{"line":43,"column":0},"end":{"line":43,"column":3}},"43":{"start":{"line":44,"column":0},"end":{"line":44,"column":2}},"45":{"start":{"line":46,"column":0},"end":{"line":46,"column":94}},"46":{"start":{"line":47,"column":0},"end":{"line":47,"column":45}},"48":{"start":{"line":49,"column":0},"end":{"line":49,"column":10}},"49":{"start":{"line":50,"column":0},"end":{"line":50,"column":50}},"50":{"start":{"line":51,"column":0},"end":{"line":51,"column":30}},"51":{"start":{"line":52,"column":0},"end":{"line":52,"column":45}},"52":{"start":{"line":53,"column":0},"end":{"line":53,"column":52}},"53":{"start":{"line":54,"column":0},"end":{"line":54,"column":22}},"54":{"start":{"line":55,"column":0},"end":{"line":55,"column":32}},"55":{"start":{"line":56,"column":0},"end":{"line":56,"column":25}},"56":{"start":{"line":57,"column":0},"end":{"line":57,"column":17}},"57":{"start":{"line":58,"column":0},"end":{"line":58,"column":19}},"59":{"start":{"line":60,"column":0},"end":{"line":60,"column":1}},"61":{"start":{"line":62,"column":0},"end":{"line":62,"column":22}},"62":{"start":{"line":63,"column":0},"end":{"line":63,"column":25}},"63":{"start":{"line":64,"column":0},"end":{"line":64,"column":42}},"64":{"start":{"line":65,"column":0},"end":{"line":65,"column":54}},"67":{"start":{"line":68,"column":0},"end":{"line":68,"column":38}},"71":{"start":{"line":72,"column":0},"end":{"line":72,"column":67}},"72":{"start":{"line":73,"column":0},"end":{"line":73,"column":45}},"74":{"start":{"line":75,"column":0},"end":{"line":75,"column":11}},"75":{"start":{"line":76,"column":0},"end":{"line":76,"column":19}},"76":{"start":{"line":77,"column":0},"end":{"line":77,"column":37}},"77":{"start":{"line":78,"column":0},"end":{"line":78,"column":50}},"78":{"start":{"line":79,"column":0},"end":{"line":79,"column":47}},"79":{"start":{"line":80,"column":0},"end":{"line":80,"column":22}},"80":{"start":{"line":81,"column":0},"end":{"line":81,"column":27}},"81":{"start":{"line":82,"column":0},"end":{"line":82,"column":30}},"82":{"start":{"line":83,"column":0},"end":{"line":83,"column":17}},"83":{"start":{"line":84,"column":0},"end":{"line":84,"column":20}},"85":{"start":{"line":86,"column":0},"end":{"line":86,"column":5}},"86":{"start":{"line":87,"column":0},"end":{"line":87,"column":1}}},"s":{"0":1,"1":1,"2":1,"3":1,"4":1,"5":1,"6":1,"7":1,"8":1,"9":1,"12":1,"13":46,"14":46,"15":46,"16":46,"17":46,"18":46,"19":46,"21":1,"22":1,"23":1,"24":1,"25":1,"26":1,"27":1,"28":1,"29":1,"30":1,"31":1,"32":1,"33":1,"34":1,"35":1,"36":1,"37":1,"38":1,"39":1,"40":1,"41":1,"42":1,"43":1,"45":1,"46":46,"48":46,"49":46,"50":46,"51":46,"52":46,"53":46,"54":46,"55":46,"56":46,"57":46,"59":46,"61":1,"62":42,"63":42,"64":42,"67":1,"71":1,"72":0,"74":0,"75":0,"76":0,"77":0,"78":0,"79":0,"80":0,"81":0,"82":0,"83":0,"85":0,"86":0},"branchMap":{"0":{"type":"branch","line":13,"loc":{"start":{"line":13,"column":30},"end":{"line":20,"column":4}},"locations":[{"start":{"line":13,"column":30},"end":{"line":20,"column":4}}]},"1":{"type":"branch","line":46,"loc":{"start":{"line":46,"column":28},"end":{"line":60,"column":1}},"locations":[{"start":{"line":46,"column":28},"end":{"line":60,"column":1}}]},"2":{"type":"branch","line":50,"loc":{"start":{"line":50,"column":35},"end":{"line":50,"column":47}},"locations":[{"start":{"line":50,"column":35},"end":{"line":50,"column":47}}]},"3":{"type":"branch","line":62,"loc":{"start":{"line":62,"column":21},"end":{"line":65,"column":54}},"locations":[{"start":{"line":62,"column":21},"end":{"line":65,"column":54}}]}},"b":{"0":[46],"1":[46],"2":[42],"3":[42]},"fnMap":{"0":{"name":"createTestQueryClient","decl":{"start":{"line":13,"column":30},"end":{"line":20,"column":4}},"loc":{"start":{"line":13,"column":30},"end":{"line":20,"column":4}},"line":13},"1":{"name":"AllProviders","decl":{"start":{"line":46,"column":28},"end":{"line":60,"column":1}},"loc":{"start":{"line":46,"column":28},"end":{"line":60,"column":1}},"line":46},"2":{"name":"customRender","decl":{"start":{"line":62,"column":21},"end":{"line":65,"column":54}},"loc":{"start":{"line":62,"column":21},"end":{"line":65,"column":54}},"line":62},"3":{"name":"renderWithProviders","decl":{"start":{"line":72,"column":35},"end":{"line":87,"column":1}},"loc":{"start":{"line":72,"column":35},"end":{"line":87,"column":1}},"line":72}},"f":{"0":46,"1":46,"2":42,"3":0}}
,"/Users/uzmacbook/Documents/Frontend/udev-blogs/src/types/index.ts": {"path":"/Users/uzmacbook/Documents/Frontend/udev-blogs/src/types/index.ts","all":true,"statementMap":{},"s":{},"branchMap":{"0":{"type":"branch","line":1,"loc":{"start":{"line":1,"column":918},"end":{"line":53,"column":1}},"locations":[{"start":{"line":1,"column":918},"end":{"line":53,"column":1}}]}},"b":{"0":[1]},"fnMap":{"0":{"name":"(empty-report)","decl":{"start":{"line":1,"column":918},"end":{"line":53,"column":1}},"loc":{"start":{"line":1,"column":918},"end":{"line":53,"column":1}},"line":1}},"f":{"0":1}}
}
